Using pre-set license
Built from '2022.3/staging' branch; Version is '2022.3.42f1 (2dcb6a0abc42) revision 3001194'; Using compiler version '192829333'; Build Type 'Release'
OS: 'Windows 11  (10.0.22631) 64bit Education' Language: 'ko' Physical Memory: 16103 MB
BatchMode: 1, IsHumanControllingUs: 0, StartBugReporterOnCrash: 0, Is64bit: 1, IsPro: 1

COMMAND LINE ARGUMENTS:
C:\Program Files\Unity\Hub\Editor\2022.3.42f1\Editor\Unity.exe
-adb2
-batchMode
-noUpm
-name
AssetImportWorker2
-projectPath
C:/Users/User/Documents/GitHub/GIGAChad
-logFile
Logs/AssetImportWorker2.log
-srvPort
57805
Successfully changed project path to: C:/Users/User/Documents/GitHub/GIGAChad
C:/Users/User/Documents/GitHub/GIGAChad
[UnityMemory] Configuration Parameters - Can be set up in boot.config
    "memorysetup-bucket-allocator-granularity=16"
    "memorysetup-bucket-allocator-bucket-count=8"
    "memorysetup-bucket-allocator-block-size=33554432"
    "memorysetup-bucket-allocator-block-count=8"
    "memorysetup-main-allocator-block-size=16777216"
    "memorysetup-thread-allocator-block-size=16777216"
    "memorysetup-gfx-main-allocator-block-size=16777216"
    "memorysetup-gfx-thread-allocator-block-size=16777216"
    "memorysetup-cache-allocator-block-size=4194304"
    "memorysetup-typetree-allocator-block-size=2097152"
    "memorysetup-profiler-bucket-allocator-granularity=16"
    "memorysetup-profiler-bucket-allocator-bucket-count=8"
    "memorysetup-profiler-bucket-allocator-block-size=33554432"
    "memorysetup-profiler-bucket-allocator-block-count=8"
    "memorysetup-profiler-allocator-block-size=16777216"
    "memorysetup-profiler-editor-allocator-block-size=1048576"
    "memorysetup-temp-allocator-size-main=16777216"
    "memorysetup-job-temp-allocator-block-size=2097152"
    "memorysetup-job-temp-allocator-block-size-background=1048576"
    "memorysetup-job-temp-allocator-reduction-small-platforms=262144"
    "memorysetup-allocator-temp-initial-block-size-main=262144"
    "memorysetup-allocator-temp-initial-block-size-worker=262144"
    "memorysetup-temp-allocator-size-background-worker=32768"
    "memorysetup-temp-allocator-size-job-worker=262144"
    "memorysetup-temp-allocator-size-preload-manager=33554432"
    "memorysetup-temp-allocator-size-nav-mesh-worker=65536"
    "memorysetup-temp-allocator-size-audio-worker=65536"
    "memorysetup-temp-allocator-size-cloud-worker=32768"
    "memorysetup-temp-allocator-size-gi-baking-worker=262144"
    "memorysetup-temp-allocator-size-gfx=262144"
Player connection [92856]  Target information:

Player connection [92856]  * "[IP] 192.168.64.1 [Port] 0 [Flags] 2 [Guid] 4023363661 [EditorId] 4023363661 [Version] 1048832 [Id] WindowsEditor(7,DESKTOP-UJF6R1S) [Debug] 1 [PackageName] WindowsEditor [ProjectName] Editor" 

Player connection [92856]  * "[IP] 192.168.114.1 [Port] 0 [Flags] 2 [Guid] 4023363661 [EditorId] 4023363661 [Version] 1048832 [Id] WindowsEditor(7,DESKTOP-UJF6R1S) [Debug] 1 [PackageName] WindowsEditor [ProjectName] Editor" 

Player connection [92856]  * "[IP] 192.168.123.105 [Port] 0 [Flags] 2 [Guid] 4023363661 [EditorId] 4023363661 [Version] 1048832 [Id] WindowsEditor(7,DESKTOP-UJF6R1S) [Debug] 1 [PackageName] WindowsEditor [ProjectName] Editor" 

Player connection [92856] Host joined multi-casting on [225.0.0.222:54997]...
Player connection [92856] Host joined alternative multi-casting on [225.0.0.222:34997]...
[PhysX] Initialized MultithreadedTaskDispatcher with 32 workers.
Refreshing native plugins compatible for Editor in 6.41 ms, found 4 plugins.
Preloading 0 native plugins for Editor in 0.00 ms.
Initialize engine version: 2022.3.42f1 (2dcb6a0abc42)
[Subsystems] Discovering subsystems at path C:/Program Files/Unity/Hub/Editor/2022.3.42f1/Editor/Data/Resources/UnitySubsystems
[Subsystems] Discovering subsystems at path C:/Users/User/Documents/GitHub/GIGAChad/Assets
GfxDevice: creating device client; threaded=0; jobified=0
Direct3D:
    Version:  Direct3D 11.0 [level 11.1]
    Renderer: NVIDIA GeForce RTX 4060 Laptop GPU (ID=0x28e0)
    Vendor:   NVIDIA
    VRAM:     7957 MB
    Driver:   32.0.15.7260
Initialize mono
Mono path[0] = 'C:/Program Files/Unity/Hub/Editor/2022.3.42f1/Editor/Data/Managed'
Mono path[1] = 'C:/Program Files/Unity/Hub/Editor/2022.3.42f1/Editor/Data/MonoBleedingEdge/lib/mono/unityjit-win32'
Mono config path = 'C:/Program Files/Unity/Hub/Editor/2022.3.42f1/Editor/Data/MonoBleedingEdge/etc'
Using monoOptions --debugger-agent=transport=dt_socket,embedding=1,server=y,suspend=n,address=127.0.0.1:56820
Begin MonoManager ReloadAssembly
Registering precompiled unity dll's ...
Register platform support module: C:/Program Files/Unity/Hub/Editor/2022.3.42f1/Editor/Data/PlaybackEngines/AndroidPlayer/UnityEditor.Android.Extensions.dll
Register platform support module: C:/Program Files/Unity/Hub/Editor/2022.3.42f1/Editor/Data/PlaybackEngines/WindowsStandaloneSupport/UnityEditor.WindowsStandalone.Extensions.dll
Registered in 0.005107 seconds.
- Loaded All Assemblies, in  0.279 seconds
Native extension for WindowsStandalone target not found
Native extension for Android target not found
Android Extension - Scanning For ADB Devices 221 ms
Mono: successfully reloaded assembly
- Finished resetting the current domain, in  0.501 seconds
Domain Reload Profiling: 779ms
	BeginReloadAssembly (81ms)
		ExecutionOrderSort (0ms)
		DisableScriptedObjects (0ms)
		BackupInstance (0ms)
		ReleaseScriptingObjects (0ms)
		CreateAndSetChildDomain (1ms)
	RebuildCommonClasses (25ms)
	RebuildNativeTypeToScriptingClass (9ms)
	initialDomainReloadingComplete (45ms)
	LoadAllAssembliesAndSetupDomain (117ms)
		LoadAssemblies (81ms)
		RebuildTransferFunctionScriptingTraits (0ms)
		AnalyzeDomain (115ms)
			TypeCache.Refresh (114ms)
				TypeCache.ScanAssembly (103ms)
			ScanForSourceGeneratedMonoScriptInfo (0ms)
			ResolveRequiredComponents (1ms)
	FinalizeReload (501ms)
		ReleaseScriptCaches (0ms)
		RebuildScriptCaches (0ms)
		SetupLoadedEditorAssemblies (462ms)
			LogAssemblyErrors (0ms)
			InitializePlatformSupportModulesInManaged (308ms)
			SetLoadedEditorAssemblies (3ms)
			RefreshPlugins (0ms)
			BeforeProcessingInitializeOnLoad (2ms)
			ProcessInitializeOnLoadAttributes (102ms)
			ProcessInitializeOnLoadMethodAttributes (47ms)
			AfterProcessingInitializeOnLoad (0ms)
			EditorAssembliesLoaded (0ms)
		ExecutionOrderSort2 (0ms)
		AwakeInstancesAfterBackupRestoration (0ms)
========================================================================
Worker process is ready to serve import requests
Caller must complete domain reload
Begin MonoManager ReloadAssembly
- Loaded All Assemblies, in  0.548 seconds
Native extension for WindowsStandalone target not found
Native extension for Android target not found
Mono: successfully reloaded assembly
- Finished resetting the current domain, in  0.648 seconds
Domain Reload Profiling: 1194ms
	BeginReloadAssembly (122ms)
		ExecutionOrderSort (0ms)
		DisableScriptedObjects (4ms)
		BackupInstance (0ms)
		ReleaseScriptingObjects (0ms)
		CreateAndSetChildDomain (18ms)
	RebuildCommonClasses (26ms)
	RebuildNativeTypeToScriptingClass (8ms)
	initialDomainReloadingComplete (32ms)
	LoadAllAssembliesAndSetupDomain (358ms)
		LoadAssemblies (278ms)
		RebuildTransferFunctionScriptingTraits (0ms)
		AnalyzeDomain (149ms)
			TypeCache.Refresh (122ms)
				TypeCache.ScanAssembly (106ms)
			ScanForSourceGeneratedMonoScriptInfo (19ms)
			ResolveRequiredComponents (6ms)
	FinalizeReload (648ms)
		ReleaseScriptCaches (0ms)
		RebuildScriptCaches (0ms)
		SetupLoadedEditorAssemblies (513ms)
			LogAssemblyErrors (0ms)
			InitializePlatformSupportModulesInManaged (21ms)
			SetLoadedEditorAssemblies (6ms)
			RefreshPlugins (0ms)
			BeforeProcessingInitializeOnLoad (93ms)
			ProcessInitializeOnLoadAttributes (360ms)
			ProcessInitializeOnLoadMethodAttributes (30ms)
			AfterProcessingInitializeOnLoad (3ms)
			EditorAssembliesLoaded (0ms)
		ExecutionOrderSort2 (0ms)
		AwakeInstancesAfterBackupRestoration (4ms)
Launched and connected shader compiler UnityShaderCompiler.exe after 0.04 seconds
Refreshing native plugins compatible for Editor in 4.70 ms, found 4 plugins.
Preloading 0 native plugins for Editor in 0.00 ms.
Unloading 4301 Unused Serialized files (Serialized files now loaded: 0)
Unloading 45 unused Assets / (130.9 KB). Loaded Objects now: 4774.
Memory consumption went from 166.3 MB to 166.2 MB.
Total: 3.093200 ms (FindLiveObjects: 0.190100 ms CreateObjectMapping: 0.051900 ms MarkObjects: 2.727500 ms  DeleteObjects: 0.122600 ms)

AssetImportParameters requested are different than current active one (requested -> active):
  custom:container-demuxer-ogg: 62fdf1f143b41e24485cea50d1cbac27 -> 
  custom:video-codec-MediaFoundation-h265: 746d11721c4dcdbdad8f713fa42b33f4 -> 
  custom:video-decoder-ogg-theora: a1e56fd34408186e4bbccfd4996cb3dc -> 
  custom:framework-win-MediaFoundation: 216162199b28c13a410421893ffa2e32 -> 
  custom:CustomObjectIndexerAttribute: 9a22284fe3817be447336de3de66b15e -> 
  custom:container-demuxer-webm: 4f35f7cbe854078d1ac9338744f61a02 -> 
  custom:container-muxer-webm: aa71ff27fc2769a1b78a27578f13a17b -> 
  custom:video-decoder-webm-vp8: 9c59270c3fd7afecdb556c50c9e8de78 -> 
  custom:SearchIndexIgnoredProperties: e643bd26f0fe6173181afceb89e7c659 -> 
  custom:AudioImporter_EditorPlatform: d09bf68614088b80899f8185d706f6e7 -> 
  custom:video-encoder-webm-vp8: eb34c28f22e8b96e1ab97ce403110664 -> 
  custom:audio-decoder-ogg-vorbis: bf7c407c2cedff20999df2af8eb42d56 -> 
  custom:audio-encoder-webm-vorbis: bf7c407c2cedff20999df2af8eb42d56 -> 
========================================================================
Received Import Request.
  Time since last request: 1055916.891917 seconds.
  path: Assets/Scripts/DeadRevolver/PixelPrototypePlayerSprites/Art/Sprites/SpritesSeparated/IdleTransition/RightArm/IdleTransition01.png
  artifactKey: Guid(c722aca1c0372014787c1c090c65314d) Importer(815301076,1909f56bfc062723c751e8b465ee728b)
Start importing Assets/Scripts/DeadRevolver/PixelPrototypePlayerSprites/Art/Sprites/SpritesSeparated/IdleTransition/RightArm/IdleTransition01.png using Guid(c722aca1c0372014787c1c090c65314d) Importer(815301076,1909f56bfc062723c751e8b465ee728b) [PhysX] Initialized MultithreadedTaskDispatcher with 32 workers.
[PhysX] Initialized MultithreadedTaskDispatcher with 32 workers.
 -> (artifact id: '42f6d63d7188548956573b60699c3bd2') in 0.109007 seconds
Number of updated asset objects reloaded before import = 0
Number of asset objects unloaded after import = 3
========================================================================
Received Import Request.
  Time since last request: 0.000021 seconds.
  path: Assets/Scripts/DeadRevolver/PixelPrototypePlayerSprites/Art/Sprites/SpritesSeparated/IdleTransition/LeftLeg/IdleTransition01.png
  artifactKey: Guid(e27c4db5770383343b7f5bbd9d3669d9) Importer(815301076,1909f56bfc062723c751e8b465ee728b)
Start importing Assets/Scripts/DeadRevolver/PixelPrototypePlayerSprites/Art/Sprites/SpritesSeparated/IdleTransition/LeftLeg/IdleTransition01.png using Guid(e27c4db5770383343b7f5bbd9d3669d9) Importer(815301076,1909f56bfc062723c751e8b465ee728b) [PhysX] Initialized MultithreadedTaskDispatcher with 32 workers.
[PhysX] Initialized MultithreadedTaskDispatcher with 32 workers.
 -> (artifact id: '9b05c778fb1f2fd6fb4ef7a29c65196d') in 0.048014 seconds
Number of updated asset objects reloaded before import = 0
Number of asset objects unloaded after import = 3
========================================================================
Received Import Request.
  Time since last request: 295.971994 seconds.
  path: Assets/Scripts/1-4SwitchToTrigger.cs
  artifactKey: Guid(7a23d621d938eb04a846a1d2510513fc) Importer(815301076,1909f56bfc062723c751e8b465ee728b)
Start importing Assets/Scripts/1-4SwitchToTrigger.cs using Guid(7a23d621d938eb04a846a1d2510513fc) Importer(815301076,1909f56bfc062723c751e8b465ee728b) [PhysX] Initialized MultithreadedTaskDispatcher with 32 workers.
 -> (artifact id: 'a19477fbc87fa51a8f81b7d244e73ac0') in 0.001105 seconds
Number of updated asset objects reloaded before import = 0
Number of asset objects unloaded after import = 0
========================================================================
Received Import Request.
  Time since last request: 411.022354 seconds.
  path: Assets/TextMesh Pro/Examples & Extras/Fonts/Electronic Highway Sign.TTF
  artifactKey: Guid(8a2b9e2a607dd2143b58c44bc32410b4) Importer(815301076,1909f56bfc062723c751e8b465ee728b)
Start importing Assets/TextMesh Pro/Examples & Extras/Fonts/Electronic Highway Sign.TTF using Guid(8a2b9e2a607dd2143b58c44bc32410b4) Importer(815301076,1909f56bfc062723c751e8b465ee728b) [PhysX] Initialized MultithreadedTaskDispatcher with 32 workers.
[PhysX] Initialized MultithreadedTaskDispatcher with 32 workers.
[PhysX] Initialized MultithreadedTaskDispatcher with 32 workers.
 -> (artifact id: 'f93019e763b134649657821480d2ce08') in 0.065308 seconds
Number of updated asset objects reloaded before import = 0
Number of asset objects unloaded after import = 4
========================================================================
Received Import Request.
  Time since last request: 111.311630 seconds.
  path: Assets/Scripts/1-4SwitchToTrigger.cs
  artifactKey: Guid(7a23d621d938eb04a846a1d2510513fc) Importer(815301076,1909f56bfc062723c751e8b465ee728b)
Start importing Assets/Scripts/1-4SwitchToTrigger.cs using Guid(7a23d621d938eb04a846a1d2510513fc) Importer(815301076,1909f56bfc062723c751e8b465ee728b) [PhysX] Initialized MultithreadedTaskDispatcher with 32 workers.
 -> (artifact id: 'f8202807fdcec3a457e8c093cc4cf7da') in 0.000867 seconds
Number of updated asset objects reloaded before import = 0
Number of asset objects unloaded after import = 0
========================================================================
Received Import Request.
  Time since last request: 20.029375 seconds.
  path: Assets/Scripts/1-4SwitchToTrigger.cs
  artifactKey: Guid(7a23d621d938eb04a846a1d2510513fc) Importer(815301076,1909f56bfc062723c751e8b465ee728b)
Start importing Assets/Scripts/1-4SwitchToTrigger.cs using Guid(7a23d621d938eb04a846a1d2510513fc) Importer(815301076,1909f56bfc062723c751e8b465ee728b) [PhysX] Initialized MultithreadedTaskDispatcher with 32 workers.
 -> (artifact id: '8cfda6235c0726884c214ed8a98f952f') in 0.000402 seconds
Number of updated asset objects reloaded before import = 0
Number of asset objects unloaded after import = 0
========================================================================
Received Prepare
Caller must complete domain reload
Begin MonoManager ReloadAssembly
- Loaded All Assemblies, in  0.927 seconds
Native extension for WindowsStandalone target not found
Native extension for Android target not found
Mono: successfully reloaded assembly
- Finished resetting the current domain, in  0.524 seconds
Domain Reload Profiling: 1450ms
	BeginReloadAssembly (677ms)
		ExecutionOrderSort (0ms)
		DisableScriptedObjects (561ms)
		BackupInstance (0ms)
		ReleaseScriptingObjects (0ms)
		CreateAndSetChildDomain (30ms)
	RebuildCommonClasses (22ms)
	RebuildNativeTypeToScriptingClass (7ms)
	initialDomainReloadingComplete (21ms)
	LoadAllAssembliesAndSetupDomain (199ms)
		LoadAssemblies (237ms)
		RebuildTransferFunctionScriptingTraits (0ms)
		AnalyzeDomain (22ms)
			TypeCache.Refresh (9ms)
				TypeCache.ScanAssembly (1ms)
			ScanForSourceGeneratedMonoScriptInfo (7ms)
			ResolveRequiredComponents (5ms)
	FinalizeReload (524ms)
		ReleaseScriptCaches (0ms)
		RebuildScriptCaches (0ms)
		SetupLoadedEditorAssemblies (399ms)
			LogAssemblyErrors (0ms)
			InitializePlatformSupportModulesInManaged (17ms)
			SetLoadedEditorAssemblies (6ms)
			RefreshPlugins (0ms)
			BeforeProcessingInitializeOnLoad (85ms)
			ProcessInitializeOnLoadAttributes (265ms)
			ProcessInitializeOnLoadMethodAttributes (23ms)
			AfterProcessingInitializeOnLoad (3ms)
			EditorAssembliesLoaded (0ms)
		ExecutionOrderSort2 (0ms)
		AwakeInstancesAfterBackupRestoration (9ms)
Refreshing native plugins compatible for Editor in 6.44 ms, found 4 plugins.
Preloading 0 native plugins for Editor in 0.00 ms.
Unloading 4275 Unused Serialized files (Serialized files now loaded: 0)
Unloading 20 unused Assets / (102.4 KB). Loaded Objects now: 4839.
Memory consumption went from 159.7 MB to 159.6 MB.
Total: 2.932600 ms (FindLiveObjects: 0.198600 ms CreateObjectMapping: 0.058200 ms MarkObjects: 2.623300 ms  DeleteObjects: 0.050200 ms)

Prepare: number of updated asset objects reloaded= 0
AssetImportParameters requested are different than current active one (requested -> active):
  custom:container-demuxer-ogg: 62fdf1f143b41e24485cea50d1cbac27 -> 
  custom:video-codec-MediaFoundation-h265: 746d11721c4dcdbdad8f713fa42b33f4 -> 
  custom:video-decoder-ogg-theora: a1e56fd34408186e4bbccfd4996cb3dc -> 
  custom:framework-win-MediaFoundation: 216162199b28c13a410421893ffa2e32 -> 
  custom:CustomObjectIndexerAttribute: 9a22284fe3817be447336de3de66b15e -> 
  custom:container-demuxer-webm: 4f35f7cbe854078d1ac9338744f61a02 -> 
  custom:container-muxer-webm: aa71ff27fc2769a1b78a27578f13a17b -> 
  custom:video-decoder-webm-vp8: 9c59270c3fd7afecdb556c50c9e8de78 -> 
  custom:scripting/monoscript/fileName/1-4SwitchToTrigger.cs: 1f24582f16be7ebfece0360fe7e27acc -> 
  custom:SearchIndexIgnoredProperties: e643bd26f0fe6173181afceb89e7c659 -> 
  custom:AudioImporter_EditorPlatform: d09bf68614088b80899f8185d706f6e7 -> 
  custom:video-encoder-webm-vp8: eb34c28f22e8b96e1ab97ce403110664 -> 
  custom:audio-decoder-ogg-vorbis: bf7c407c2cedff20999df2af8eb42d56 -> 
  custom:audio-encoder-webm-vorbis: bf7c407c2cedff20999df2af8eb42d56 -> 
  custom:scripting/precompiled-assembly-types:Assembly-CSharp: 99b092b74c183eb4e51a85febaddfac1 -> 39fefecd4ae62b4ce1f4a11b102c877d
========================================================================
Received Import Request.
  Time since last request: 8.194222 seconds.
  path: Assets/Scripts/1-4SwitchToTrigger.cs
  artifactKey: Guid(7a23d621d938eb04a846a1d2510513fc) Importer(815301076,1909f56bfc062723c751e8b465ee728b)
Start importing Assets/Scripts/1-4SwitchToTrigger.cs using Guid(7a23d621d938eb04a846a1d2510513fc) Importer(815301076,1909f56bfc062723c751e8b465ee728b) [PhysX] Initialized MultithreadedTaskDispatcher with 32 workers.
 -> (artifact id: '3e64cb06bf1f352548ebb67d433f5279') in 0.002377 seconds
Number of updated asset objects reloaded before import = 0
Number of asset objects unloaded after import = 0
========================================================================
Received Prepare
Caller must complete domain reload
Begin MonoManager ReloadAssembly
- Loaded All Assemblies, in  0.307 seconds
Native extension for WindowsStandalone target not found
Native extension for Android target not found
Mono: successfully reloaded assembly
- Finished resetting the current domain, in  0.793 seconds
Domain Reload Profiling: 1099ms
	BeginReloadAssembly (104ms)
		ExecutionOrderSort (0ms)
		DisableScriptedObjects (8ms)
		BackupInstance (0ms)
		ReleaseScriptingObjects (0ms)
		CreateAndSetChildDomain (22ms)
	RebuildCommonClasses (19ms)
	RebuildNativeTypeToScriptingClass (6ms)
	initialDomainReloadingComplete (17ms)
	LoadAllAssembliesAndSetupDomain (160ms)
		LoadAssemblies (202ms)
		RebuildTransferFunctionScriptingTraits (0ms)
		AnalyzeDomain (11ms)
			TypeCache.Refresh (5ms)
				TypeCache.ScanAssembly (0ms)
			ScanForSourceGeneratedMonoScriptInfo (0ms)
			ResolveRequiredComponents (5ms)
	FinalizeReload (794ms)
		ReleaseScriptCaches (0ms)
		RebuildScriptCaches (0ms)
		SetupLoadedEditorAssemblies (470ms)
			LogAssemblyErrors (0ms)
			InitializePlatformSupportModulesInManaged (15ms)
			SetLoadedEditorAssemblies (5ms)
			RefreshPlugins (0ms)
			BeforeProcessingInitializeOnLoad (83ms)
			ProcessInitializeOnLoadAttributes (330ms)
			ProcessInitializeOnLoadMethodAttributes (33ms)
			AfterProcessingInitializeOnLoad (5ms)
			EditorAssembliesLoaded (0ms)
		ExecutionOrderSort2 (0ms)
		AwakeInstancesAfterBackupRestoration (11ms)
Refreshing native plugins compatible for Editor in 5.51 ms, found 4 plugins.
Preloading 0 native plugins for Editor in 0.00 ms.
Unloading 4275 Unused Serialized files (Serialized files now loaded: 0)
Unloading 20 unused Assets / (102.5 KB). Loaded Objects now: 4855.
Memory consumption went from 159.7 MB to 159.6 MB.
Total: 3.388300 ms (FindLiveObjects: 0.371100 ms CreateObjectMapping: 0.216100 ms MarkObjects: 2.747200 ms  DeleteObjects: 0.053400 ms)

Prepare: number of updated asset objects reloaded= 0
AssetImportParameters requested are different than current active one (requested -> active):
  custom:container-demuxer-ogg: 62fdf1f143b41e24485cea50d1cbac27 -> 
  custom:video-codec-MediaFoundation-h265: 746d11721c4dcdbdad8f713fa42b33f4 -> 
  custom:video-decoder-ogg-theora: a1e56fd34408186e4bbccfd4996cb3dc -> 
  custom:framework-win-MediaFoundation: 216162199b28c13a410421893ffa2e32 -> 
  custom:CustomObjectIndexerAttribute: 9a22284fe3817be447336de3de66b15e -> 
  custom:container-demuxer-webm: 4f35f7cbe854078d1ac9338744f61a02 -> 
  custom:container-muxer-webm: aa71ff27fc2769a1b78a27578f13a17b -> 
  custom:video-decoder-webm-vp8: 9c59270c3fd7afecdb556c50c9e8de78 -> 
  custom:scripting/monoscript/fileName/1-4SwitchToTrigger.cs: 1f24582f16be7ebfece0360fe7e27acc -> 
  custom:SearchIndexIgnoredProperties: e643bd26f0fe6173181afceb89e7c659 -> 
  custom:AudioImporter_EditorPlatform: d09bf68614088b80899f8185d706f6e7 -> 
  custom:video-encoder-webm-vp8: eb34c28f22e8b96e1ab97ce403110664 -> 
  custom:audio-decoder-ogg-vorbis: bf7c407c2cedff20999df2af8eb42d56 -> 
  custom:audio-encoder-webm-vorbis: bf7c407c2cedff20999df2af8eb42d56 -> 
  custom:scripting/precompiled-assembly-types:Assembly-CSharp: 99b092b74c183eb4e51a85febaddfac1 -> 39fefecd4ae62b4ce1f4a11b102c877d
========================================================================
Received Prepare
Caller must complete domain reload
Begin MonoManager ReloadAssembly
- Loaded All Assemblies, in  0.329 seconds
Native extension for WindowsStandalone target not found
Native extension for Android target not found
Mono: successfully reloaded assembly
- Finished resetting the current domain, in  0.710 seconds
Domain Reload Profiling: 1038ms
	BeginReloadAssembly (107ms)
		ExecutionOrderSort (0ms)
		DisableScriptedObjects (7ms)
		BackupInstance (0ms)
		ReleaseScriptingObjects (0ms)
		CreateAndSetChildDomain (23ms)
	RebuildCommonClasses (20ms)
	RebuildNativeTypeToScriptingClass (7ms)
	initialDomainReloadingComplete (18ms)
	LoadAllAssembliesAndSetupDomain (176ms)
		LoadAssemblies (209ms)
		RebuildTransferFunctionScriptingTraits (0ms)
		AnalyzeDomain (21ms)
			TypeCache.Refresh (8ms)
				TypeCache.ScanAssembly (1ms)
			ScanForSourceGeneratedMonoScriptInfo (7ms)
			ResolveRequiredComponents (6ms)
	FinalizeReload (711ms)
		ReleaseScriptCaches (0ms)
		RebuildScriptCaches (0ms)
		SetupLoadedEditorAssemblies (389ms)
			LogAssemblyErrors (0ms)
			InitializePlatformSupportModulesInManaged (17ms)
			SetLoadedEditorAssemblies (4ms)
			RefreshPlugins (0ms)
			BeforeProcessingInitializeOnLoad (86ms)
			ProcessInitializeOnLoadAttributes (251ms)
			ProcessInitializeOnLoadMethodAttributes (27ms)
			AfterProcessingInitializeOnLoad (3ms)
			EditorAssembliesLoaded (0ms)
		ExecutionOrderSort2 (0ms)
		AwakeInstancesAfterBackupRestoration (8ms)
Refreshing native plugins compatible for Editor in 3.00 ms, found 4 plugins.
Preloading 0 native plugins for Editor in 0.00 ms.
Unloading 4276 Unused Serialized files (Serialized files now loaded: 0)
Unloading 20 unused Assets / (102.4 KB). Loaded Objects now: 4871.
Memory consumption went from 160.0 MB to 159.9 MB.
Total: 3.689200 ms (FindLiveObjects: 0.238700 ms CreateObjectMapping: 0.091900 ms MarkObjects: 3.302300 ms  DeleteObjects: 0.055500 ms)

Prepare: number of updated asset objects reloaded= 0
AssetImportParameters requested are different than current active one (requested -> active):
  custom:container-demuxer-ogg: 62fdf1f143b41e24485cea50d1cbac27 -> 
  custom:video-codec-MediaFoundation-h265: 746d11721c4dcdbdad8f713fa42b33f4 -> 
  custom:video-decoder-ogg-theora: a1e56fd34408186e4bbccfd4996cb3dc -> 
  custom:framework-win-MediaFoundation: 216162199b28c13a410421893ffa2e32 -> 
  custom:CustomObjectIndexerAttribute: 9a22284fe3817be447336de3de66b15e -> 
  custom:container-demuxer-webm: 4f35f7cbe854078d1ac9338744f61a02 -> 
  custom:container-muxer-webm: aa71ff27fc2769a1b78a27578f13a17b -> 
  custom:video-decoder-webm-vp8: 9c59270c3fd7afecdb556c50c9e8de78 -> 
  custom:scripting/monoscript/fileName/1-4SwitchToTrigger.cs: 1f24582f16be7ebfece0360fe7e27acc -> 
  custom:SearchIndexIgnoredProperties: e643bd26f0fe6173181afceb89e7c659 -> 
  custom:AudioImporter_EditorPlatform: d09bf68614088b80899f8185d706f6e7 -> 
  custom:video-encoder-webm-vp8: eb34c28f22e8b96e1ab97ce403110664 -> 
  custom:audio-decoder-ogg-vorbis: bf7c407c2cedff20999df2af8eb42d56 -> 
  custom:audio-encoder-webm-vorbis: bf7c407c2cedff20999df2af8eb42d56 -> 
  custom:scripting/precompiled-assembly-types:Assembly-CSharp: 99b092b74c183eb4e51a85febaddfac1 -> 39fefecd4ae62b4ce1f4a11b102c877d
========================================================================
Received Prepare
Caller must complete domain reload
Begin MonoManager ReloadAssembly
- Loaded All Assemblies, in  0.305 seconds
Native extension for WindowsStandalone target not found
Native extension for Android target not found
Mono: successfully reloaded assembly
- Finished resetting the current domain, in  0.785 seconds
Domain Reload Profiling: 1089ms
	BeginReloadAssembly (101ms)
		ExecutionOrderSort (0ms)
		DisableScriptedObjects (7ms)
		BackupInstance (0ms)
		ReleaseScriptingObjects (0ms)
		CreateAndSetChildDomain (22ms)
	RebuildCommonClasses (20ms)
	RebuildNativeTypeToScriptingClass (6ms)
	initialDomainReloadingComplete (17ms)
	LoadAllAssembliesAndSetupDomain (160ms)
		LoadAssemblies (197ms)
		RebuildTransferFunctionScriptingTraits (0ms)
		AnalyzeDomain (12ms)
			TypeCache.Refresh (5ms)
				TypeCache.ScanAssembly (0ms)
			ScanForSourceGeneratedMonoScriptInfo (0ms)
			ResolveRequiredComponents (5ms)
	FinalizeReload (786ms)
		ReleaseScriptCaches (0ms)
		RebuildScriptCaches (0ms)
		SetupLoadedEditorAssemblies (456ms)
			LogAssemblyErrors (0ms)
			InitializePlatformSupportModulesInManaged (15ms)
			SetLoadedEditorAssemblies (5ms)
			RefreshPlugins (0ms)
			BeforeProcessingInitializeOnLoad (82ms)
			ProcessInitializeOnLoadAttributes (322ms)
			ProcessInitializeOnLoadMethodAttributes (27ms)
			AfterProcessingInitializeOnLoad (5ms)
			EditorAssembliesLoaded (0ms)
		ExecutionOrderSort2 (0ms)
		AwakeInstancesAfterBackupRestoration (12ms)
Refreshing native plugins compatible for Editor in 4.61 ms, found 4 plugins.
Preloading 0 native plugins for Editor in 0.00 ms.
Unloading 4276 Unused Serialized files (Serialized files now loaded: 0)
Unloading 20 unused Assets / (102.4 KB). Loaded Objects now: 4887.
Memory consumption went from 160.0 MB to 159.9 MB.
Total: 3.092200 ms (FindLiveObjects: 0.197200 ms CreateObjectMapping: 0.070400 ms MarkObjects: 2.776100 ms  DeleteObjects: 0.047700 ms)

Prepare: number of updated asset objects reloaded= 0
AssetImportParameters requested are different than current active one (requested -> active):
  custom:container-demuxer-ogg: 62fdf1f143b41e24485cea50d1cbac27 -> 
  custom:video-codec-MediaFoundation-h265: 746d11721c4dcdbdad8f713fa42b33f4 -> 
  custom:video-decoder-ogg-theora: a1e56fd34408186e4bbccfd4996cb3dc -> 
  custom:framework-win-MediaFoundation: 216162199b28c13a410421893ffa2e32 -> 
  custom:CustomObjectIndexerAttribute: 9a22284fe3817be447336de3de66b15e -> 
  custom:container-demuxer-webm: 4f35f7cbe854078d1ac9338744f61a02 -> 
  custom:container-muxer-webm: aa71ff27fc2769a1b78a27578f13a17b -> 
  custom:video-decoder-webm-vp8: 9c59270c3fd7afecdb556c50c9e8de78 -> 
  custom:scripting/monoscript/fileName/1-4SwitchToTrigger.cs: 1f24582f16be7ebfece0360fe7e27acc -> 
  custom:SearchIndexIgnoredProperties: e643bd26f0fe6173181afceb89e7c659 -> 
  custom:AudioImporter_EditorPlatform: d09bf68614088b80899f8185d706f6e7 -> 
  custom:video-encoder-webm-vp8: eb34c28f22e8b96e1ab97ce403110664 -> 
  custom:audio-decoder-ogg-vorbis: bf7c407c2cedff20999df2af8eb42d56 -> 
  custom:audio-encoder-webm-vorbis: bf7c407c2cedff20999df2af8eb42d56 -> 
  custom:scripting/precompiled-assembly-types:Assembly-CSharp: 99b092b74c183eb4e51a85febaddfac1 -> 39fefecd4ae62b4ce1f4a11b102c877d
========================================================================
Received Prepare
Caller must complete domain reload
Begin MonoManager ReloadAssembly
- Loaded All Assemblies, in  0.318 seconds
Native extension for WindowsStandalone target not found
Native extension for Android target not found
Mono: successfully reloaded assembly
- Finished resetting the current domain, in  0.836 seconds
Domain Reload Profiling: 1152ms
	BeginReloadAssembly (107ms)
		ExecutionOrderSort (0ms)
		DisableScriptedObjects (8ms)
		BackupInstance (0ms)
		ReleaseScriptingObjects (0ms)
		CreateAndSetChildDomain (24ms)
	RebuildCommonClasses (20ms)
	RebuildNativeTypeToScriptingClass (6ms)
	initialDomainReloadingComplete (20ms)
	LoadAllAssembliesAndSetupDomain (163ms)
		LoadAssemblies (202ms)
		RebuildTransferFunctionScriptingTraits (0ms)
		AnalyzeDomain (14ms)
			TypeCache.Refresh (6ms)
				TypeCache.ScanAssembly (0ms)
			ScanForSourceGeneratedMonoScriptInfo (0ms)
			ResolveRequiredComponents (7ms)
	FinalizeReload (836ms)
		ReleaseScriptCaches (0ms)
		RebuildScriptCaches (0ms)
		SetupLoadedEditorAssemblies (495ms)
			LogAssemblyErrors (0ms)
			InitializePlatformSupportModulesInManaged (16ms)
			SetLoadedEditorAssemblies (5ms)
			RefreshPlugins (0ms)
			BeforeProcessingInitializeOnLoad (100ms)
			ProcessInitializeOnLoadAttributes (340ms)
			ProcessInitializeOnLoadMethodAttributes (30ms)
			AfterProcessingInitializeOnLoad (5ms)
			EditorAssembliesLoaded (0ms)
		ExecutionOrderSort2 (0ms)
		AwakeInstancesAfterBackupRestoration (13ms)
Refreshing native plugins compatible for Editor in 5.26 ms, found 4 plugins.
Preloading 0 native plugins for Editor in 0.00 ms.
Unloading 4276 Unused Serialized files (Serialized files now loaded: 0)
Unloading 20 unused Assets / (102.4 KB). Loaded Objects now: 4903.
Memory consumption went from 159.9 MB to 159.8 MB.
Total: 3.245300 ms (FindLiveObjects: 0.243500 ms CreateObjectMapping: 0.074300 ms MarkObjects: 2.833800 ms  DeleteObjects: 0.092800 ms)

Prepare: number of updated asset objects reloaded= 0
AssetImportParameters requested are different than current active one (requested -> active):
  custom:container-demuxer-ogg: 62fdf1f143b41e24485cea50d1cbac27 -> 
  custom:video-codec-MediaFoundation-h265: 746d11721c4dcdbdad8f713fa42b33f4 -> 
  custom:video-decoder-ogg-theora: a1e56fd34408186e4bbccfd4996cb3dc -> 
  custom:framework-win-MediaFoundation: 216162199b28c13a410421893ffa2e32 -> 
  custom:CustomObjectIndexerAttribute: 9a22284fe3817be447336de3de66b15e -> 
  custom:container-demuxer-webm: 4f35f7cbe854078d1ac9338744f61a02 -> 
  custom:container-muxer-webm: aa71ff27fc2769a1b78a27578f13a17b -> 
  custom:video-decoder-webm-vp8: 9c59270c3fd7afecdb556c50c9e8de78 -> 
  custom:scripting/monoscript/fileName/1-4SwitchToTrigger.cs: 1f24582f16be7ebfece0360fe7e27acc -> 
  custom:SearchIndexIgnoredProperties: e643bd26f0fe6173181afceb89e7c659 -> 
  custom:AudioImporter_EditorPlatform: d09bf68614088b80899f8185d706f6e7 -> 
  custom:video-encoder-webm-vp8: eb34c28f22e8b96e1ab97ce403110664 -> 
  custom:audio-decoder-ogg-vorbis: bf7c407c2cedff20999df2af8eb42d56 -> 
  custom:audio-encoder-webm-vorbis: bf7c407c2cedff20999df2af8eb42d56 -> 
  custom:scripting/precompiled-assembly-types:Assembly-CSharp: 99b092b74c183eb4e51a85febaddfac1 -> 39fefecd4ae62b4ce1f4a11b102c877d
========================================================================
Received Prepare
Caller must complete domain reload
Begin MonoManager ReloadAssembly
- Loaded All Assemblies, in  0.311 seconds
Native extension for WindowsStandalone target not found
Native extension for Android target not found
Mono: successfully reloaded assembly
- Finished resetting the current domain, in  0.842 seconds
Domain Reload Profiling: 1151ms
	BeginReloadAssembly (98ms)
		ExecutionOrderSort (0ms)
		DisableScriptedObjects (7ms)
		BackupInstance (0ms)
		ReleaseScriptingObjects (0ms)
		CreateAndSetChildDomain (22ms)
	RebuildCommonClasses (20ms)
	RebuildNativeTypeToScriptingClass (6ms)
	initialDomainReloadingComplete (19ms)
	LoadAllAssembliesAndSetupDomain (166ms)
		LoadAssemblies (203ms)
		RebuildTransferFunctionScriptingTraits (0ms)
		AnalyzeDomain (11ms)
			TypeCache.Refresh (5ms)
				TypeCache.ScanAssembly (0ms)
			ScanForSourceGeneratedMonoScriptInfo (0ms)
			ResolveRequiredComponents (5ms)
	FinalizeReload (842ms)
		ReleaseScriptCaches (0ms)
		RebuildScriptCaches (0ms)
		SetupLoadedEditorAssemblies (503ms)
			LogAssemblyErrors (0ms)
			InitializePlatformSupportModulesInManaged (19ms)
			SetLoadedEditorAssemblies (5ms)
			RefreshPlugins (0ms)
			BeforeProcessingInitializeOnLoad (90ms)
			ProcessInitializeOnLoadAttributes (353ms)
			ProcessInitializeOnLoadMethodAttributes (31ms)
			AfterProcessingInitializeOnLoad (4ms)
			EditorAssembliesLoaded (0ms)
		ExecutionOrderSort2 (0ms)
		AwakeInstancesAfterBackupRestoration (11ms)
Refreshing native plugins compatible for Editor in 5.37 ms, found 4 plugins.
Preloading 0 native plugins for Editor in 0.00 ms.
Unloading 4276 Unused Serialized files (Serialized files now loaded: 0)
Unloading 20 unused Assets / (102.4 KB). Loaded Objects now: 4919.
Memory consumption went from 160.0 MB to 159.9 MB.
Total: 3.286200 ms (FindLiveObjects: 0.202500 ms CreateObjectMapping: 0.065400 ms MarkObjects: 2.965800 ms  DeleteObjects: 0.051700 ms)

Prepare: number of updated asset objects reloaded= 0
AssetImportParameters requested are different than current active one (requested -> active):
  custom:container-demuxer-ogg: 62fdf1f143b41e24485cea50d1cbac27 -> 
  custom:video-codec-MediaFoundation-h265: 746d11721c4dcdbdad8f713fa42b33f4 -> 
  custom:video-decoder-ogg-theora: a1e56fd34408186e4bbccfd4996cb3dc -> 
  custom:framework-win-MediaFoundation: 216162199b28c13a410421893ffa2e32 -> 
  custom:CustomObjectIndexerAttribute: 9a22284fe3817be447336de3de66b15e -> 
  custom:container-demuxer-webm: 4f35f7cbe854078d1ac9338744f61a02 -> 
  custom:container-muxer-webm: aa71ff27fc2769a1b78a27578f13a17b -> 
  custom:video-decoder-webm-vp8: 9c59270c3fd7afecdb556c50c9e8de78 -> 
  custom:scripting/monoscript/fileName/1-4SwitchToTrigger.cs: 1f24582f16be7ebfece0360fe7e27acc -> 
  custom:SearchIndexIgnoredProperties: e643bd26f0fe6173181afceb89e7c659 -> 
  custom:AudioImporter_EditorPlatform: d09bf68614088b80899f8185d706f6e7 -> 
  custom:video-encoder-webm-vp8: eb34c28f22e8b96e1ab97ce403110664 -> 
  custom:audio-decoder-ogg-vorbis: bf7c407c2cedff20999df2af8eb42d56 -> 
  custom:audio-encoder-webm-vorbis: bf7c407c2cedff20999df2af8eb42d56 -> 
  custom:scripting/precompiled-assembly-types:Assembly-CSharp: 99b092b74c183eb4e51a85febaddfac1 -> 39fefecd4ae62b4ce1f4a11b102c877d
========================================================================
Received Prepare
Caller must complete domain reload
Begin MonoManager ReloadAssembly
- Loaded All Assemblies, in  0.319 seconds
Native extension for WindowsStandalone target not found
Native extension for Android target not found
Mono: successfully reloaded assembly
- Finished resetting the current domain, in  0.879 seconds
Domain Reload Profiling: 1197ms
	BeginReloadAssembly (103ms)
		ExecutionOrderSort (0ms)
		DisableScriptedObjects (7ms)
		BackupInstance (0ms)
		ReleaseScriptingObjects (0ms)
		CreateAndSetChildDomain (19ms)
	RebuildCommonClasses (20ms)
	RebuildNativeTypeToScriptingClass (10ms)
	initialDomainReloadingComplete (18ms)
	LoadAllAssembliesAndSetupDomain (166ms)
		LoadAssemblies (210ms)
		RebuildTransferFunctionScriptingTraits (0ms)
		AnalyzeDomain (11ms)
			TypeCache.Refresh (5ms)
				TypeCache.ScanAssembly (0ms)
			ScanForSourceGeneratedMonoScriptInfo (0ms)
			ResolveRequiredComponents (6ms)
	FinalizeReload (879ms)
		ReleaseScriptCaches (0ms)
		RebuildScriptCaches (0ms)
		SetupLoadedEditorAssemblies (525ms)
			LogAssemblyErrors (0ms)
			InitializePlatformSupportModulesInManaged (22ms)
			SetLoadedEditorAssemblies (6ms)
			RefreshPlugins (0ms)
			BeforeProcessingInitializeOnLoad (103ms)
			ProcessInitializeOnLoadAttributes (356ms)
			ProcessInitializeOnLoadMethodAttributes (33ms)
			AfterProcessingInitializeOnLoad (5ms)
			EditorAssembliesLoaded (0ms)
		ExecutionOrderSort2 (0ms)
		AwakeInstancesAfterBackupRestoration (12ms)
Refreshing native plugins compatible for Editor in 6.55 ms, found 4 plugins.
Preloading 0 native plugins for Editor in 0.00 ms.
Unloading 4276 Unused Serialized files (Serialized files now loaded: 0)
Unloading 20 unused Assets / (102.4 KB). Loaded Objects now: 4935.
Memory consumption went from 160.0 MB to 159.9 MB.
Total: 3.667000 ms (FindLiveObjects: 0.237700 ms CreateObjectMapping: 0.071800 ms MarkObjects: 3.303000 ms  DeleteObjects: 0.053800 ms)

Prepare: number of updated asset objects reloaded= 0
AssetImportParameters requested are different than current active one (requested -> active):
  custom:container-demuxer-ogg: 62fdf1f143b41e24485cea50d1cbac27 -> 
  custom:video-codec-MediaFoundation-h265: 746d11721c4dcdbdad8f713fa42b33f4 -> 
  custom:video-decoder-ogg-theora: a1e56fd34408186e4bbccfd4996cb3dc -> 
  custom:framework-win-MediaFoundation: 216162199b28c13a410421893ffa2e32 -> 
  custom:CustomObjectIndexerAttribute: 9a22284fe3817be447336de3de66b15e -> 
  custom:container-demuxer-webm: 4f35f7cbe854078d1ac9338744f61a02 -> 
  custom:container-muxer-webm: aa71ff27fc2769a1b78a27578f13a17b -> 
  custom:video-decoder-webm-vp8: 9c59270c3fd7afecdb556c50c9e8de78 -> 
  custom:scripting/monoscript/fileName/1-4SwitchToTrigger.cs: 1f24582f16be7ebfece0360fe7e27acc -> 
  custom:SearchIndexIgnoredProperties: e643bd26f0fe6173181afceb89e7c659 -> 
  custom:AudioImporter_EditorPlatform: d09bf68614088b80899f8185d706f6e7 -> 
  custom:video-encoder-webm-vp8: eb34c28f22e8b96e1ab97ce403110664 -> 
  custom:audio-decoder-ogg-vorbis: bf7c407c2cedff20999df2af8eb42d56 -> 
  custom:audio-encoder-webm-vorbis: bf7c407c2cedff20999df2af8eb42d56 -> 
  custom:scripting/precompiled-assembly-types:Assembly-CSharp: 99b092b74c183eb4e51a85febaddfac1 -> 39fefecd4ae62b4ce1f4a11b102c877d
========================================================================
Received Import Request.
  Time since last request: 837.963901 seconds.
  path: ProjectSettings/TagManager.asset
  artifactKey: Guid(00000000000000003000000000000000) Importer(815301076,1909f56bfc062723c751e8b465ee728b)
Start importing ProjectSettings/TagManager.asset using Guid(00000000000000003000000000000000) Importer(815301076,1909f56bfc062723c751e8b465ee728b) [PhysX] Initialized MultithreadedTaskDispatcher with 32 workers.
 -> (artifact id: 'bea8ded555bf2efc9bb0eb3cc4d8c348') in 0.010717 seconds
Number of updated asset objects reloaded before import = 0
Number of asset objects unloaded after import = 0
========================================================================
Received Prepare
Caller must complete domain reload
Begin MonoManager ReloadAssembly
- Loaded All Assemblies, in  0.357 seconds
Native extension for WindowsStandalone target not found
Native extension for Android target not found
Mono: successfully reloaded assembly
- Finished resetting the current domain, in  0.687 seconds
Domain Reload Profiling: 1043ms
	BeginReloadAssembly (116ms)
		ExecutionOrderSort (0ms)
		DisableScriptedObjects (7ms)
		BackupInstance (0ms)
		ReleaseScriptingObjects (0ms)
		CreateAndSetChildDomain (24ms)
	RebuildCommonClasses (23ms)
	RebuildNativeTypeToScriptingClass (6ms)
	initialDomainReloadingComplete (18ms)
	LoadAllAssembliesAndSetupDomain (192ms)
		LoadAssemblies (224ms)
		RebuildTransferFunctionScriptingTraits (0ms)
		AnalyzeDomain (31ms)
			TypeCache.Refresh (13ms)
				TypeCache.ScanAssembly (1ms)
			ScanForSourceGeneratedMonoScriptInfo (11ms)
			ResolveRequiredComponents (6ms)
	FinalizeReload (688ms)
		ReleaseScriptCaches (0ms)
		RebuildScriptCaches (0ms)
		SetupLoadedEditorAssemblies (378ms)
			LogAssemblyErrors (0ms)
			InitializePlatformSupportModulesInManaged (17ms)
			SetLoadedEditorAssemblies (4ms)
			RefreshPlugins (0ms)
			BeforeProcessingInitializeOnLoad (84ms)
			ProcessInitializeOnLoadAttributes (250ms)
			ProcessInitializeOnLoadMethodAttributes (19ms)
			AfterProcessingInitializeOnLoad (3ms)
			EditorAssembliesLoaded (0ms)
		ExecutionOrderSort2 (0ms)
		AwakeInstancesAfterBackupRestoration (9ms)
Refreshing native plugins compatible for Editor in 4.75 ms, found 4 plugins.
Preloading 0 native plugins for Editor in 0.00 ms.
Unloading 4275 Unused Serialized files (Serialized files now loaded: 0)
Unloading 20 unused Assets / (102.3 KB). Loaded Objects now: 4951.
Memory consumption went from 159.8 MB to 159.7 MB.
Total: 3.528700 ms (FindLiveObjects: 0.234500 ms CreateObjectMapping: 0.114700 ms MarkObjects: 3.116700 ms  DeleteObjects: 0.061800 ms)

Prepare: number of updated asset objects reloaded= 0
AssetImportParameters requested are different than current active one (requested -> active):
  custom:container-demuxer-ogg: 62fdf1f143b41e24485cea50d1cbac27 -> 
  custom:video-codec-MediaFoundation-h265: 746d11721c4dcdbdad8f713fa42b33f4 -> 
  custom:video-decoder-ogg-theora: a1e56fd34408186e4bbccfd4996cb3dc -> 
  custom:framework-win-MediaFoundation: 216162199b28c13a410421893ffa2e32 -> 
  custom:CustomObjectIndexerAttribute: 9a22284fe3817be447336de3de66b15e -> 
  custom:container-demuxer-webm: 4f35f7cbe854078d1ac9338744f61a02 -> 
  custom:container-muxer-webm: aa71ff27fc2769a1b78a27578f13a17b -> 
  custom:video-decoder-webm-vp8: 9c59270c3fd7afecdb556c50c9e8de78 -> 
  custom:scripting/monoscript/fileName/1-4SwitchToTrigger.cs: 1f24582f16be7ebfece0360fe7e27acc -> 
  custom:SearchIndexIgnoredProperties: e643bd26f0fe6173181afceb89e7c659 -> 
  custom:AudioImporter_EditorPlatform: d09bf68614088b80899f8185d706f6e7 -> 
  custom:video-encoder-webm-vp8: eb34c28f22e8b96e1ab97ce403110664 -> 
  custom:audio-decoder-ogg-vorbis: bf7c407c2cedff20999df2af8eb42d56 -> 
  custom:audio-encoder-webm-vorbis: bf7c407c2cedff20999df2af8eb42d56 -> 
  custom:scripting/precompiled-assembly-types:Assembly-CSharp: 99b092b74c183eb4e51a85febaddfac1 -> 39fefecd4ae62b4ce1f4a11b102c877d
========================================================================
Received Prepare
Caller must complete domain reload
Begin MonoManager ReloadAssembly
- Loaded All Assemblies, in  0.319 seconds
Native extension for WindowsStandalone target not found
Native extension for Android target not found
Mono: successfully reloaded assembly
- Finished resetting the current domain, in  0.876 seconds
Domain Reload Profiling: 1193ms
	BeginReloadAssembly (104ms)
		ExecutionOrderSort (0ms)
		DisableScriptedObjects (7ms)
		BackupInstance (0ms)
		ReleaseScriptingObjects (0ms)
		CreateAndSetChildDomain (20ms)
	RebuildCommonClasses (19ms)
	RebuildNativeTypeToScriptingClass (6ms)
	initialDomainReloadingComplete (19ms)
	LoadAllAssembliesAndSetupDomain (169ms)
		LoadAssemblies (209ms)
		RebuildTransferFunctionScriptingTraits (0ms)
		AnalyzeDomain (12ms)
			TypeCache.Refresh (6ms)
				TypeCache.ScanAssembly (0ms)
			ScanForSourceGeneratedMonoScriptInfo (0ms)
			ResolveRequiredComponents (5ms)
	FinalizeReload (876ms)
		ReleaseScriptCaches (0ms)
		RebuildScriptCaches (0ms)
		SetupLoadedEditorAssemblies (527ms)
			LogAssemblyErrors (0ms)
			InitializePlatformSupportModulesInManaged (26ms)
			SetLoadedEditorAssemblies (6ms)
			RefreshPlugins (0ms)
			BeforeProcessingInitializeOnLoad (110ms)
			ProcessInitializeOnLoadAttributes (353ms)
			ProcessInitializeOnLoadMethodAttributes (29ms)
			AfterProcessingInitializeOnLoad (3ms)
			EditorAssembliesLoaded (0ms)
		ExecutionOrderSort2 (0ms)
		AwakeInstancesAfterBackupRestoration (10ms)
Refreshing native plugins compatible for Editor in 3.20 ms, found 4 plugins.
Preloading 0 native plugins for Editor in 0.00 ms.
Unloading 4276 Unused Serialized files (Serialized files now loaded: 0)
Unloading 20 unused Assets / (102.4 KB). Loaded Objects now: 4967.
Memory consumption went from 160.0 MB to 159.9 MB.
Total: 3.482400 ms (FindLiveObjects: 0.223900 ms CreateObjectMapping: 0.061900 ms MarkObjects: 3.143000 ms  DeleteObjects: 0.052800 ms)

Prepare: number of updated asset objects reloaded= 0
AssetImportParameters requested are different than current active one (requested -> active):
  custom:container-demuxer-ogg: 62fdf1f143b41e24485cea50d1cbac27 -> 
  custom:video-codec-MediaFoundation-h265: 746d11721c4dcdbdad8f713fa42b33f4 -> 
  custom:video-decoder-ogg-theora: a1e56fd34408186e4bbccfd4996cb3dc -> 
  custom:framework-win-MediaFoundation: 216162199b28c13a410421893ffa2e32 -> 
  custom:CustomObjectIndexerAttribute: 9a22284fe3817be447336de3de66b15e -> 
  custom:container-demuxer-webm: 4f35f7cbe854078d1ac9338744f61a02 -> 
  custom:container-muxer-webm: aa71ff27fc2769a1b78a27578f13a17b -> 
  custom:video-decoder-webm-vp8: 9c59270c3fd7afecdb556c50c9e8de78 -> 
  custom:scripting/monoscript/fileName/1-4SwitchToTrigger.cs: 1f24582f16be7ebfece0360fe7e27acc -> 
  custom:SearchIndexIgnoredProperties: e643bd26f0fe6173181afceb89e7c659 -> 
  custom:AudioImporter_EditorPlatform: d09bf68614088b80899f8185d706f6e7 -> 
  custom:video-encoder-webm-vp8: eb34c28f22e8b96e1ab97ce403110664 -> 
  custom:audio-decoder-ogg-vorbis: bf7c407c2cedff20999df2af8eb42d56 -> 
  custom:audio-encoder-webm-vorbis: bf7c407c2cedff20999df2af8eb42d56 -> 
  custom:scripting/precompiled-assembly-types:Assembly-CSharp: 99b092b74c183eb4e51a85febaddfac1 -> 39fefecd4ae62b4ce1f4a11b102c877d
========================================================================
Received Import Request.
  Time since last request: 51.117561 seconds.
  path: Assets/TextMesh Pro/Examples & Extras/Textures/Floor Tiles 1 - diffuse.jpg
  artifactKey: Guid(85ac55597b97403c82fc6601a93cf241) Importer(815301076,1909f56bfc062723c751e8b465ee728b)
Start importing Assets/TextMesh Pro/Examples & Extras/Textures/Floor Tiles 1 - diffuse.jpg using Guid(85ac55597b97403c82fc6601a93cf241) Importer(815301076,1909f56bfc062723c751e8b465ee728b) [PhysX] Initialized MultithreadedTaskDispatcher with 32 workers.
[PhysX] Initialized MultithreadedTaskDispatcher with 32 workers.
 -> (artifact id: 'ef1140aa60b13595550ddfea248f0b91') in 0.057370 seconds
Number of updated asset objects reloaded before import = 0
Number of asset objects unloaded after import = 2
========================================================================
Received Import Request.
  Time since last request: 3.739579 seconds.
  path: Assets/TileMap
  artifactKey: Guid(6d959bc6a1e7098488b0cea428862794) Importer(815301076,1909f56bfc062723c751e8b465ee728b)
Start importing Assets/TileMap using Guid(6d959bc6a1e7098488b0cea428862794) Importer(815301076,1909f56bfc062723c751e8b465ee728b) [PhysX] Initialized MultithreadedTaskDispatcher with 32 workers.
 -> (artifact id: '89b8aaad1c44f93bfe9ce383a616769b') in 0.000995 seconds
Number of updated asset objects reloaded before import = 0
Number of asset objects unloaded after import = 0
========================================================================
Received Import Request.
  Time since last request: 3.240225 seconds.
  path: Assets/TileMap/GandalfHardcore city tiles 32x32_31.asset
  artifactKey: Guid(6588a204bad895741b07ef3f33c53bea) Importer(815301076,1909f56bfc062723c751e8b465ee728b)
Start importing Assets/TileMap/GandalfHardcore city tiles 32x32_31.asset using Guid(6588a204bad895741b07ef3f33c53bea) Importer(815301076,1909f56bfc062723c751e8b465ee728b) [PhysX] Initialized MultithreadedTaskDispatcher with 32 workers.
 -> (artifact id: 'd19f743dbbe675ade31c69fd60584eb3') in 0.071452 seconds
Number of updated asset objects reloaded before import = 0
Number of asset objects unloaded after import = 3
========================================================================
Received Import Request.
  Time since last request: 0.000017 seconds.
  path: Assets/TileMap/GandalfHardcore city tiles 32x32_43.asset
  artifactKey: Guid(abca2d1ef0507f04386644dda7cc81ad) Importer(815301076,1909f56bfc062723c751e8b465ee728b)
Start importing Assets/TileMap/GandalfHardcore city tiles 32x32_43.asset using Guid(abca2d1ef0507f04386644dda7cc81ad) Importer(815301076,1909f56bfc062723c751e8b465ee728b) [PhysX] Initialized MultithreadedTaskDispatcher with 32 workers.
 -> (artifact id: '58ccb0e55bad92ba5492d58f6301a822') in 0.041188 seconds
Number of updated asset objects reloaded before import = 0
Number of asset objects unloaded after import = 3
========================================================================
Received Import Request.
  Time since last request: 0.000020 seconds.
  path: Assets/TileMap/GandalfHardcore city tiles 32x32_37.asset
  artifactKey: Guid(c48188ead2de90547a9592f16b8ce225) Importer(815301076,1909f56bfc062723c751e8b465ee728b)
Start importing Assets/TileMap/GandalfHardcore city tiles 32x32_37.asset using Guid(c48188ead2de90547a9592f16b8ce225) Importer(815301076,1909f56bfc062723c751e8b465ee728b) [PhysX] Initialized MultithreadedTaskDispatcher with 32 workers.
 -> (artifact id: '264737af619365c6a68338fac97d199c') in 0.032521 seconds
Number of updated asset objects reloaded before import = 0
Number of asset objects unloaded after import = 3
========================================================================
Received Import Request.
  Time since last request: 0.000013 seconds.
  path: Assets/TileMap/GandalfHardcore city tiles 32x32_70.asset
  artifactKey: Guid(d372da442ec807647be239a05a452b7a) Importer(815301076,1909f56bfc062723c751e8b465ee728b)
Start importing Assets/TileMap/GandalfHardcore city tiles 32x32_70.asset using Guid(d372da442ec807647be239a05a452b7a) Importer(815301076,1909f56bfc062723c751e8b465ee728b) [PhysX] Initialized MultithreadedTaskDispatcher with 32 workers.
 -> (artifact id: '31ff70235f04eccc52ce78d35bf68c79') in 0.030142 seconds
Number of updated asset objects reloaded before import = 0
Number of asset objects unloaded after import = 3
========================================================================
Received Import Request.
  Time since last request: 0.000084 seconds.
  path: Assets/TileMap/GandalfHardcore city tiles 32x32_77.asset
  artifactKey: Guid(72f9932cececd8c409edc5496bd1f78b) Importer(815301076,1909f56bfc062723c751e8b465ee728b)
Start importing Assets/TileMap/GandalfHardcore city tiles 32x32_77.asset using Guid(72f9932cececd8c409edc5496bd1f78b) Importer(815301076,1909f56bfc062723c751e8b465ee728b) [PhysX] Initialized MultithreadedTaskDispatcher with 32 workers.
 -> (artifact id: 'd9011d45781b5cc664fb654b97a45f95') in 0.031154 seconds
Number of updated asset objects reloaded before import = 0
Number of asset objects unloaded after import = 3
========================================================================
Received Import Request.
  Time since last request: 0.000123 seconds.
  path: Assets/TileMap/GandalfHardcore city tiles 32x32_72.asset
  artifactKey: Guid(368c44f2ca6970944986e0b0935d77c4) Importer(815301076,1909f56bfc062723c751e8b465ee728b)
Start importing Assets/TileMap/GandalfHardcore city tiles 32x32_72.asset using Guid(368c44f2ca6970944986e0b0935d77c4) Importer(815301076,1909f56bfc062723c751e8b465ee728b) [PhysX] Initialized MultithreadedTaskDispatcher with 32 workers.
 -> (artifact id: '93742dfeeafba9faf5a56166632c6722') in 0.031659 seconds
Number of updated asset objects reloaded before import = 0
Number of asset objects unloaded after import = 3
========================================================================
Received Import Request.
  Time since last request: 0.000015 seconds.
  path: Assets/TileMap/GandalfHardcore city tiles 32x32_92.asset
  artifactKey: Guid(33a0c6daa6d1244439f7080a6b535335) Importer(815301076,1909f56bfc062723c751e8b465ee728b)
Start importing Assets/TileMap/GandalfHardcore city tiles 32x32_92.asset using Guid(33a0c6daa6d1244439f7080a6b535335) Importer(815301076,1909f56bfc062723c751e8b465ee728b) [PhysX] Initialized MultithreadedTaskDispatcher with 32 workers.
 -> (artifact id: '071048a2f84c8254ca6e69d8734a454b') in 0.025284 seconds
Number of updated asset objects reloaded before import = 0
Number of asset objects unloaded after import = 3
========================================================================
Received Import Request.
  Time since last request: 0.000096 seconds.
  path: Assets/TileMap/GandalfHardcore city tiles 32x32_65.asset
  artifactKey: Guid(b616db70377bc4f4998c50e3e63ead18) Importer(815301076,1909f56bfc062723c751e8b465ee728b)
Start importing Assets/TileMap/GandalfHardcore city tiles 32x32_65.asset using Guid(b616db70377bc4f4998c50e3e63ead18) Importer(815301076,1909f56bfc062723c751e8b465ee728b) [PhysX] Initialized MultithreadedTaskDispatcher with 32 workers.
 -> (artifact id: '01c754acde9225b337e7436f3fcb9cb2') in 0.020893 seconds
Number of updated asset objects reloaded before import = 0
Number of asset objects unloaded after import = 3
========================================================================
Received Import Request.
  Time since last request: 0.000059 seconds.
  path: Assets/TileMap/GandalfHardcore city tiles 32x32_100.asset
  artifactKey: Guid(83c9c3c18eccba848b161dd2b9e47021) Importer(815301076,1909f56bfc062723c751e8b465ee728b)
Start importing Assets/TileMap/GandalfHardcore city tiles 32x32_100.asset using Guid(83c9c3c18eccba848b161dd2b9e47021) Importer(815301076,1909f56bfc062723c751e8b465ee728b) [PhysX] Initialized MultithreadedTaskDispatcher with 32 workers.
 -> (artifact id: '3034399cd03ffa0cc4c73b14ed31468f') in 0.032900 seconds
Number of updated asset objects reloaded before import = 0
Number of asset objects unloaded after import = 3
========================================================================
Received Import Request.
  Time since last request: 0.000025 seconds.
  path: Assets/TileMap/GandalfHardcore city tiles 32x32_114.asset
  artifactKey: Guid(e3dac74726aa0c3448c2a88cb14fcbc9) Importer(815301076,1909f56bfc062723c751e8b465ee728b)
Start importing Assets/TileMap/GandalfHardcore city tiles 32x32_114.asset using Guid(e3dac74726aa0c3448c2a88cb14fcbc9) Importer(815301076,1909f56bfc062723c751e8b465ee728b) [PhysX] Initialized MultithreadedTaskDispatcher with 32 workers.
 -> (artifact id: '505e42c5377bf1dbd32562506b684cca') in 0.021132 seconds
Number of updated asset objects reloaded before import = 0
Number of asset objects unloaded after import = 3
========================================================================
Received Import Request.
  Time since last request: 0.000021 seconds.
  path: Assets/TileMap/GandalfHardcore city tiles 32x32_96.asset
  artifactKey: Guid(bc284ad2b46540a4098eca5d4aa346ac) Importer(815301076,1909f56bfc062723c751e8b465ee728b)
Start importing Assets/TileMap/GandalfHardcore city tiles 32x32_96.asset using Guid(bc284ad2b46540a4098eca5d4aa346ac) Importer(815301076,1909f56bfc062723c751e8b465ee728b) [PhysX] Initialized MultithreadedTaskDispatcher with 32 workers.
 -> (artifact id: 'cbabb0b6c2ce8bb98aa219b7b4330a1f') in 0.017492 seconds
Number of updated asset objects reloaded before import = 0
Number of asset objects unloaded after import = 3
========================================================================
Received Import Request.
  Time since last request: 0.000015 seconds.
  path: Assets/TileMap/GandalfHardcore city tiles 32x32_118.asset
  artifactKey: Guid(a806e04dba3bb2443bc13a91dca4c414) Importer(815301076,1909f56bfc062723c751e8b465ee728b)
Start importing Assets/TileMap/GandalfHardcore city tiles 32x32_118.asset using Guid(a806e04dba3bb2443bc13a91dca4c414) Importer(815301076,1909f56bfc062723c751e8b465ee728b) [PhysX] Initialized MultithreadedTaskDispatcher with 32 workers.
 -> (artifact id: '4fb8d410ce661e4dfa20a13c377ec284') in 0.010144 seconds
Number of updated asset objects reloaded before import = 0
Number of asset objects unloaded after import = 3
========================================================================
Received Import Request.
  Time since last request: 0.000010 seconds.
  path: Assets/TileMap/GandalfHardcore city tiles 32x32_97.asset
  artifactKey: Guid(a205b908aeadb074dbb55b71a8c854f7) Importer(815301076,1909f56bfc062723c751e8b465ee728b)
Start importing Assets/TileMap/GandalfHardcore city tiles 32x32_97.asset using Guid(a205b908aeadb074dbb55b71a8c854f7) Importer(815301076,1909f56bfc062723c751e8b465ee728b) [PhysX] Initialized MultithreadedTaskDispatcher with 32 workers.
 -> (artifact id: '6bfec1641388c79febd5247114d08bd1') in 0.030146 seconds
Number of updated asset objects reloaded before import = 0
Number of asset objects unloaded after import = 3
========================================================================
Received Import Request.
  Time since last request: 0.000120 seconds.
  path: Assets/TileMap/GandalfHardcore city tiles 32x32_115.asset
  artifactKey: Guid(9297b034c70423b42b01ef6bdcb2b347) Importer(815301076,1909f56bfc062723c751e8b465ee728b)
Start importing Assets/TileMap/GandalfHardcore city tiles 32x32_115.asset using Guid(9297b034c70423b42b01ef6bdcb2b347) Importer(815301076,1909f56bfc062723c751e8b465ee728b) [PhysX] Initialized MultithreadedTaskDispatcher with 32 workers.
 -> (artifact id: '2e595640391fd8d8a31db17189b787a0') in 0.021287 seconds
Number of updated asset objects reloaded before import = 0
Number of asset objects unloaded after import = 3
========================================================================
Received Import Request.
  Time since last request: 0.000020 seconds.
  path: Assets/TileMap/GandalfHardcore city tiles 32x32_124.asset
  artifactKey: Guid(ed813ed83f4dfda44ac3975892a0c4af) Importer(815301076,1909f56bfc062723c751e8b465ee728b)
Start importing Assets/TileMap/GandalfHardcore city tiles 32x32_124.asset using Guid(ed813ed83f4dfda44ac3975892a0c4af) Importer(815301076,1909f56bfc062723c751e8b465ee728b) [PhysX] Initialized MultithreadedTaskDispatcher with 32 workers.
 -> (artifact id: 'ca70191b45e5d1436330882c87de9315') in 0.033284 seconds
Number of updated asset objects reloaded before import = 0
Number of asset objects unloaded after import = 3
========================================================================
Received Import Request.
  Time since last request: 0.000022 seconds.
  path: Assets/TileMap/GandalfHardcore city tiles 32x32_130.asset
  artifactKey: Guid(0dcf63584ca2ae64eaacb83076251a3b) Importer(815301076,1909f56bfc062723c751e8b465ee728b)
Start importing Assets/TileMap/GandalfHardcore city tiles 32x32_130.asset using Guid(0dcf63584ca2ae64eaacb83076251a3b) Importer(815301076,1909f56bfc062723c751e8b465ee728b) [PhysX] Initialized MultithreadedTaskDispatcher with 32 workers.
 -> (artifact id: 'bf0e28bea1cc8b9ffe3b91e53cdac209') in 0.032991 seconds
Number of updated asset objects reloaded before import = 0
Number of asset objects unloaded after import = 3
========================================================================
Received Import Request.
  Time since last request: 0.000016 seconds.
  path: Assets/TileMap/GandalfHardcore city tiles 32x32_105.asset
  artifactKey: Guid(6be3c36245f1a3142bb5d6b4b8e75d87) Importer(815301076,1909f56bfc062723c751e8b465ee728b)
Start importing Assets/TileMap/GandalfHardcore city tiles 32x32_105.asset using Guid(6be3c36245f1a3142bb5d6b4b8e75d87) Importer(815301076,1909f56bfc062723c751e8b465ee728b) [PhysX] Initialized MultithreadedTaskDispatcher with 32 workers.
 -> (artifact id: '4b0395184abdc370b2f07cd81eec7dc4') in 0.035351 seconds
Number of updated asset objects reloaded before import = 0
Number of asset objects unloaded after import = 3
========================================================================
Received Import Request.
  Time since last request: 0.000023 seconds.
  path: Assets/TileMap/GandalfHardcore city tiles 32x32_128.asset
  artifactKey: Guid(df36d68d818b1f249957f63de7219b29) Importer(815301076,1909f56bfc062723c751e8b465ee728b)
Start importing Assets/TileMap/GandalfHardcore city tiles 32x32_128.asset using Guid(df36d68d818b1f249957f63de7219b29) Importer(815301076,1909f56bfc062723c751e8b465ee728b) [PhysX] Initialized MultithreadedTaskDispatcher with 32 workers.
 -> (artifact id: '59416425dee9ff4d06aa40083cae51b4') in 0.035059 seconds
Number of updated asset objects reloaded before import = 0
Number of asset objects unloaded after import = 3
========================================================================
Received Import Request.
  Time since last request: 0.000016 seconds.
  path: Assets/TileMap/GandalfHardcore city tiles 32x32_104.asset
  artifactKey: Guid(030d30c6c2c065648809fe71760f1a76) Importer(815301076,1909f56bfc062723c751e8b465ee728b)
Start importing Assets/TileMap/GandalfHardcore city tiles 32x32_104.asset using Guid(030d30c6c2c065648809fe71760f1a76) Importer(815301076,1909f56bfc062723c751e8b465ee728b) [PhysX] Initialized MultithreadedTaskDispatcher with 32 workers.
 -> (artifact id: '04fcfb0f606ca5490a525555554e5389') in 0.018232 seconds
Number of updated asset objects reloaded before import = 0
Number of asset objects unloaded after import = 3
========================================================================
Received Import Request.
  Time since last request: 0.000022 seconds.
  path: Assets/TileMap/GandalfHardcore city tiles 32x32_82.asset
  artifactKey: Guid(51d835028c60398459e19533a3abe580) Importer(815301076,1909f56bfc062723c751e8b465ee728b)
Start importing Assets/TileMap/GandalfHardcore city tiles 32x32_82.asset using Guid(51d835028c60398459e19533a3abe580) Importer(815301076,1909f56bfc062723c751e8b465ee728b) [PhysX] Initialized MultithreadedTaskDispatcher with 32 workers.
 -> (artifact id: '5bafc998bf8f4a077679b24f5ee2e2c5') in 0.028580 seconds
Number of updated asset objects reloaded before import = 0
Number of asset objects unloaded after import = 3
========================================================================
Received Import Request.
  Time since last request: 0.000027 seconds.
  path: Assets/TileMap/GandalfHardcore city tiles 32x32_68.asset
  artifactKey: Guid(19b90e14cf0a47b4ab4404c75f415d0d) Importer(815301076,1909f56bfc062723c751e8b465ee728b)
Start importing Assets/TileMap/GandalfHardcore city tiles 32x32_68.asset using Guid(19b90e14cf0a47b4ab4404c75f415d0d) Importer(815301076,1909f56bfc062723c751e8b465ee728b) [PhysX] Initialized MultithreadedTaskDispatcher with 32 workers.
 -> (artifact id: 'ec785b711ac698ad97cc425a4cadad36') in 0.030883 seconds
Number of updated asset objects reloaded before import = 0
Number of asset objects unloaded after import = 3
========================================================================
Received Import Request.
  Time since last request: 0.000019 seconds.
  path: Assets/TileMap/GandalfHardcore city tiles 32x32_71.asset
  artifactKey: Guid(c7b7ade3cfbba8340bd826605d0605a1) Importer(815301076,1909f56bfc062723c751e8b465ee728b)
Start importing Assets/TileMap/GandalfHardcore city tiles 32x32_71.asset using Guid(c7b7ade3cfbba8340bd826605d0605a1) Importer(815301076,1909f56bfc062723c751e8b465ee728b) [PhysX] Initialized MultithreadedTaskDispatcher with 32 workers.
 -> (artifact id: '0be978d69358d3c82d86aead98b65d23') in 0.031539 seconds
Number of updated asset objects reloaded before import = 0
Number of asset objects unloaded after import = 3
========================================================================
Received Import Request.
  Time since last request: 0.000015 seconds.
  path: Assets/TileMap/GandalfHardcore city tiles 32x32_129.asset
  artifactKey: Guid(1a49eaaf5b02b7a4cacb567dedd14c85) Importer(815301076,1909f56bfc062723c751e8b465ee728b)
Start importing Assets/TileMap/GandalfHardcore city tiles 32x32_129.asset using Guid(1a49eaaf5b02b7a4cacb567dedd14c85) Importer(815301076,1909f56bfc062723c751e8b465ee728b) [PhysX] Initialized MultithreadedTaskDispatcher with 32 workers.
 -> (artifact id: 'e052298794197780a348c1cdbc654d79') in 0.031269 seconds
Number of updated asset objects reloaded before import = 0
Number of asset objects unloaded after import = 3
========================================================================
Received Import Request.
  Time since last request: 0.000016 seconds.
  path: Assets/TileMap/GandalfHardcore city tiles 32x32_39.asset
  artifactKey: Guid(fed58fb226554ab47a144cd5675e5fda) Importer(815301076,1909f56bfc062723c751e8b465ee728b)
Start importing Assets/TileMap/GandalfHardcore city tiles 32x32_39.asset using Guid(fed58fb226554ab47a144cd5675e5fda) Importer(815301076,1909f56bfc062723c751e8b465ee728b) [PhysX] Initialized MultithreadedTaskDispatcher with 32 workers.
 -> (artifact id: 'c6170e092ea7a2e580f20c370320c771') in 0.032530 seconds
Number of updated asset objects reloaded before import = 0
Number of asset objects unloaded after import = 3
========================================================================
Received Import Request.
  Time since last request: 0.000016 seconds.
  path: Assets/TileMap/GandalfHardcore city tiles 32x32_102.asset
  artifactKey: Guid(43cc6569986093b408ec15e3e0f432ce) Importer(815301076,1909f56bfc062723c751e8b465ee728b)
Start importing Assets/TileMap/GandalfHardcore city tiles 32x32_102.asset using Guid(43cc6569986093b408ec15e3e0f432ce) Importer(815301076,1909f56bfc062723c751e8b465ee728b) [PhysX] Initialized MultithreadedTaskDispatcher with 32 workers.
 -> (artifact id: '4b15d3b57744565de1ffd8b1538b45d3') in 0.030721 seconds
Number of updated asset objects reloaded before import = 0
Number of asset objects unloaded after import = 3
========================================================================
Received Import Request.
  Time since last request: 0.000019 seconds.
  path: Assets/TileMap/GandalfHardcore city tiles 32x32_131.asset
  artifactKey: Guid(4e1df5533150d4c4b899f3e41e659a6f) Importer(815301076,1909f56bfc062723c751e8b465ee728b)
Start importing Assets/TileMap/GandalfHardcore city tiles 32x32_131.asset using Guid(4e1df5533150d4c4b899f3e41e659a6f) Importer(815301076,1909f56bfc062723c751e8b465ee728b) [PhysX] Initialized MultithreadedTaskDispatcher with 32 workers.
 -> (artifact id: '75c0ab9fe1fbfb126754d5e1cc0ae008') in 0.032105 seconds
Number of updated asset objects reloaded before import = 0
Number of asset objects unloaded after import = 3
========================================================================
Received Import Request.
  Time since last request: 0.000026 seconds.
  path: Assets/TileMap/GandalfHardcore city tiles 32x32_125.asset
  artifactKey: Guid(f9eb46a85ea324848aa7b6c0ca4faf06) Importer(815301076,1909f56bfc062723c751e8b465ee728b)
Start importing Assets/TileMap/GandalfHardcore city tiles 32x32_125.asset using Guid(f9eb46a85ea324848aa7b6c0ca4faf06) Importer(815301076,1909f56bfc062723c751e8b465ee728b) [PhysX] Initialized MultithreadedTaskDispatcher with 32 workers.
 -> (artifact id: '50af8579fff9cad4d48a064c4ffa1d51') in 0.032057 seconds
Number of updated asset objects reloaded before import = 0
Number of asset objects unloaded after import = 3
========================================================================
Received Import Request.
  Time since last request: 0.000033 seconds.
  path: Assets/TileMap/GandalfHardcore city tiles 32x32_56.asset
  artifactKey: Guid(7103eea5b47b4174bbea7673c3d952a3) Importer(815301076,1909f56bfc062723c751e8b465ee728b)
Start importing Assets/TileMap/GandalfHardcore city tiles 32x32_56.asset using Guid(7103eea5b47b4174bbea7673c3d952a3) Importer(815301076,1909f56bfc062723c751e8b465ee728b) [PhysX] Initialized MultithreadedTaskDispatcher with 32 workers.
 -> (artifact id: '7b4471a3243cafe1726165511cc4391f') in 0.032408 seconds
Number of updated asset objects reloaded before import = 0
Number of asset objects unloaded after import = 3
========================================================================
Received Import Request.
  Time since last request: 0.000018 seconds.
  path: Assets/TileMap/GandalfHardcore city tiles 32x32_95.asset
  artifactKey: Guid(48301382f24f6754aab79e5f3e384928) Importer(815301076,1909f56bfc062723c751e8b465ee728b)
Start importing Assets/TileMap/GandalfHardcore city tiles 32x32_95.asset using Guid(48301382f24f6754aab79e5f3e384928) Importer(815301076,1909f56bfc062723c751e8b465ee728b) [PhysX] Initialized MultithreadedTaskDispatcher with 32 workers.
 -> (artifact id: '73efe71e9c3ffc0a172988a01a939e3a') in 0.031196 seconds
Number of updated asset objects reloaded before import = 0
Number of asset objects unloaded after import = 3
========================================================================
Received Import Request.
  Time since last request: 0.000015 seconds.
  path: Assets/TileMap/GandalfHardcore city tiles 32x32_79.asset
  artifactKey: Guid(d975568765923bd46a75f0fbd7985e70) Importer(815301076,1909f56bfc062723c751e8b465ee728b)
Start importing Assets/TileMap/GandalfHardcore city tiles 32x32_79.asset using Guid(d975568765923bd46a75f0fbd7985e70) Importer(815301076,1909f56bfc062723c751e8b465ee728b) [PhysX] Initialized MultithreadedTaskDispatcher with 32 workers.
 -> (artifact id: 'cdaa104c665d6a3f1d640084ccc7c925') in 0.030232 seconds
Number of updated asset objects reloaded before import = 0
Number of asset objects unloaded after import = 3
========================================================================
Received Import Request.
  Time since last request: 0.000014 seconds.
  path: Assets/TileMap/GandalfHardcore city tiles 32x32_138.asset
  artifactKey: Guid(0838daf203056474c84b3100cc5cee11) Importer(815301076,1909f56bfc062723c751e8b465ee728b)
Start importing Assets/TileMap/GandalfHardcore city tiles 32x32_138.asset using Guid(0838daf203056474c84b3100cc5cee11) Importer(815301076,1909f56bfc062723c751e8b465ee728b) [PhysX] Initialized MultithreadedTaskDispatcher with 32 workers.
 -> (artifact id: '003b15974aa61565598ad90cb4438d28') in 0.031015 seconds
Number of updated asset objects reloaded before import = 0
Number of asset objects unloaded after import = 3
========================================================================
Received Import Request.
  Time since last request: 0.000016 seconds.
  path: Assets/TileMap/GandalfHardcore city tiles 32x32_54.asset
  artifactKey: Guid(443f125ec38aced41b2b4c33817d1457) Importer(815301076,1909f56bfc062723c751e8b465ee728b)
Start importing Assets/TileMap/GandalfHardcore city tiles 32x32_54.asset using Guid(443f125ec38aced41b2b4c33817d1457) Importer(815301076,1909f56bfc062723c751e8b465ee728b) [PhysX] Initialized MultithreadedTaskDispatcher with 32 workers.
 -> (artifact id: '95ed38ddb66b5d2d3e6cf791aeb3642a') in 0.032706 seconds
Number of updated asset objects reloaded before import = 0
Number of asset objects unloaded after import = 3
========================================================================
Received Import Request.
  Time since last request: 0.000017 seconds.
  path: Assets/TileMap/GandalfHardcore city tiles 32x32_90.asset
  artifactKey: Guid(bc4a93ad8d62f1047b859da0d2dd53a4) Importer(815301076,1909f56bfc062723c751e8b465ee728b)
Start importing Assets/TileMap/GandalfHardcore city tiles 32x32_90.asset using Guid(bc4a93ad8d62f1047b859da0d2dd53a4) Importer(815301076,1909f56bfc062723c751e8b465ee728b) [PhysX] Initialized MultithreadedTaskDispatcher with 32 workers.
 -> (artifact id: '8d59a32bf933e563b2269e26ff9e8a85') in 0.032906 seconds
Number of updated asset objects reloaded before import = 0
Number of asset objects unloaded after import = 3
========================================================================
Received Import Request.
  Time since last request: 0.000021 seconds.
  path: Assets/TileMap/GandalfHardcore city tiles 32x32_120.asset
  artifactKey: Guid(048648c3549b93c4cba7d96a7eac8483) Importer(815301076,1909f56bfc062723c751e8b465ee728b)
Start importing Assets/TileMap/GandalfHardcore city tiles 32x32_120.asset using Guid(048648c3549b93c4cba7d96a7eac8483) Importer(815301076,1909f56bfc062723c751e8b465ee728b) [PhysX] Initialized MultithreadedTaskDispatcher with 32 workers.
 -> (artifact id: '385f4d20dab957300a9c516b74445ce5') in 0.017350 seconds
Number of updated asset objects reloaded before import = 0
Number of asset objects unloaded after import = 3
========================================================================
Received Import Request.
  Time since last request: 0.000018 seconds.
  path: Assets/TileMap/GandalfHardcore city tiles 32x32_135.asset
  artifactKey: Guid(5b101a47367555d439886752b37e8ee5) Importer(815301076,1909f56bfc062723c751e8b465ee728b)
Start importing Assets/TileMap/GandalfHardcore city tiles 32x32_135.asset using Guid(5b101a47367555d439886752b37e8ee5) Importer(815301076,1909f56bfc062723c751e8b465ee728b) [PhysX] Initialized MultithreadedTaskDispatcher with 32 workers.
 -> (artifact id: 'd186861e45dbd110ef1766e825014a16') in 0.019185 seconds
Number of updated asset objects reloaded before import = 0
Number of asset objects unloaded after import = 3
========================================================================
Received Import Request.
  Time since last request: 0.000017 seconds.
  path: Assets/TileMap/GandalfHardcore city tiles 32x32_50.asset
  artifactKey: Guid(a94d178dde94cc9419b37e5e060ce60b) Importer(815301076,1909f56bfc062723c751e8b465ee728b)
Start importing Assets/TileMap/GandalfHardcore city tiles 32x32_50.asset using Guid(a94d178dde94cc9419b37e5e060ce60b) Importer(815301076,1909f56bfc062723c751e8b465ee728b) [PhysX] Initialized MultithreadedTaskDispatcher with 32 workers.
 -> (artifact id: '051dba6b029f80798e2191c56168f986') in 0.030759 seconds
Number of updated asset objects reloaded before import = 0
Number of asset objects unloaded after import = 3
========================================================================
Received Import Request.
  Time since last request: 0.000023 seconds.
  path: Assets/TileMap/GandalfHardcore city tiles 32x32_119.asset
  artifactKey: Guid(4cdeb77c0c9b06c4d95b573bec7910c2) Importer(815301076,1909f56bfc062723c751e8b465ee728b)
Start importing Assets/TileMap/GandalfHardcore city tiles 32x32_119.asset using Guid(4cdeb77c0c9b06c4d95b573bec7910c2) Importer(815301076,1909f56bfc062723c751e8b465ee728b) [PhysX] Initialized MultithreadedTaskDispatcher with 32 workers.
 -> (artifact id: '6ecb21468d8cbb2afe9b0dde9666958c') in 0.017621 seconds
Number of updated asset objects reloaded before import = 0
Number of asset objects unloaded after import = 3
========================================================================
Received Import Request.
  Time since last request: 0.000016 seconds.
  path: Assets/TileMap/GandalfHardcore city tiles 32x32_133.asset
  artifactKey: Guid(26e09a4fc921e554583dca0f0e6f17f4) Importer(815301076,1909f56bfc062723c751e8b465ee728b)
Start importing Assets/TileMap/GandalfHardcore city tiles 32x32_133.asset using Guid(26e09a4fc921e554583dca0f0e6f17f4) Importer(815301076,1909f56bfc062723c751e8b465ee728b) [PhysX] Initialized MultithreadedTaskDispatcher with 32 workers.
 -> (artifact id: '393809a63df9ebcf76ab3d2a03a70f27') in 0.030561 seconds
Number of updated asset objects reloaded before import = 0
Number of asset objects unloaded after import = 3
========================================================================
Received Import Request.
  Time since last request: 0.000016 seconds.
  path: Assets/TileMap/GandalfHardcore city tiles 32x32_49.asset
  artifactKey: Guid(4ced5dbcdfa33a3498523328adefee7f) Importer(815301076,1909f56bfc062723c751e8b465ee728b)
Start importing Assets/TileMap/GandalfHardcore city tiles 32x32_49.asset using Guid(4ced5dbcdfa33a3498523328adefee7f) Importer(815301076,1909f56bfc062723c751e8b465ee728b) [PhysX] Initialized MultithreadedTaskDispatcher with 32 workers.
 -> (artifact id: 'de39b524962dc5ee23775fc86f9fba78') in 0.032336 seconds
Number of updated asset objects reloaded before import = 0
Number of asset objects unloaded after import = 3
========================================================================
Received Import Request.
  Time since last request: 0.000026 seconds.
  path: Assets/TileMap/GandalfHardcore city tiles 32x32_51.asset
  artifactKey: Guid(a4d3c64ffe8254b4780fe192709f2d53) Importer(815301076,1909f56bfc062723c751e8b465ee728b)
Start importing Assets/TileMap/GandalfHardcore city tiles 32x32_51.asset using Guid(a4d3c64ffe8254b4780fe192709f2d53) Importer(815301076,1909f56bfc062723c751e8b465ee728b) [PhysX] Initialized MultithreadedTaskDispatcher with 32 workers.
 -> (artifact id: '68314325bbf285b57eac90be9663e770') in 0.032322 seconds
Number of updated asset objects reloaded before import = 0
Number of asset objects unloaded after import = 3
========================================================================
Received Import Request.
  Time since last request: 0.000019 seconds.
  path: Assets/TileMap/GandalfHardcore city tiles 32x32_111.asset
  artifactKey: Guid(a11acb79b0bec0747b7b5a1bbb284395) Importer(815301076,1909f56bfc062723c751e8b465ee728b)
Start importing Assets/TileMap/GandalfHardcore city tiles 32x32_111.asset using Guid(a11acb79b0bec0747b7b5a1bbb284395) Importer(815301076,1909f56bfc062723c751e8b465ee728b) [PhysX] Initialized MultithreadedTaskDispatcher with 32 workers.
 -> (artifact id: '632edd60f47817a11f83eae96aa4b5f2') in 0.032026 seconds
Number of updated asset objects reloaded before import = 0
Number of asset objects unloaded after import = 3
========================================================================
Received Import Request.
  Time since last request: 0.000025 seconds.
  path: Assets/TileMap/GandalfHardcore city tiles 32x32_64.asset
  artifactKey: Guid(141c358aa644b3e418036cb8b60d2f73) Importer(815301076,1909f56bfc062723c751e8b465ee728b)
Start importing Assets/TileMap/GandalfHardcore city tiles 32x32_64.asset using Guid(141c358aa644b3e418036cb8b60d2f73) Importer(815301076,1909f56bfc062723c751e8b465ee728b) [PhysX] Initialized MultithreadedTaskDispatcher with 32 workers.
 -> (artifact id: 'c789d13b1b0b3633d3ca7ae245421736') in 0.032352 seconds
Number of updated asset objects reloaded before import = 0
Number of asset objects unloaded after import = 3
========================================================================
Received Import Request.
  Time since last request: 0.000032 seconds.
  path: Assets/TileMap/GandalfHardcore city tiles 32x32_141.asset
  artifactKey: Guid(4179ba79d8e84874a9f327bdda6fa722) Importer(815301076,1909f56bfc062723c751e8b465ee728b)
Start importing Assets/TileMap/GandalfHardcore city tiles 32x32_141.asset using Guid(4179ba79d8e84874a9f327bdda6fa722) Importer(815301076,1909f56bfc062723c751e8b465ee728b) [PhysX] Initialized MultithreadedTaskDispatcher with 32 workers.
 -> (artifact id: '1b2f367b7257bc039b3c7295c113d6e4') in 0.031427 seconds
Number of updated asset objects reloaded before import = 0
Number of asset objects unloaded after import = 3
========================================================================
Received Import Request.
  Time since last request: 0.000018 seconds.
  path: Assets/TileMap/GandalfHardcore city tiles 32x32_93.asset
  artifactKey: Guid(7fd7a2c4c30ec1244bb0e5fb40360cb6) Importer(815301076,1909f56bfc062723c751e8b465ee728b)
Start importing Assets/TileMap/GandalfHardcore city tiles 32x32_93.asset using Guid(7fd7a2c4c30ec1244bb0e5fb40360cb6) Importer(815301076,1909f56bfc062723c751e8b465ee728b) [PhysX] Initialized MultithreadedTaskDispatcher with 32 workers.
 -> (artifact id: '460ea9758874b3ed1a21906f0e38db3a') in 0.031866 seconds
Number of updated asset objects reloaded before import = 0
Number of asset objects unloaded after import = 3
========================================================================
Received Import Request.
  Time since last request: 0.006544 seconds.
  path: Assets/TileMap/GandalfHardcore city tiles 32x32_78.asset
  artifactKey: Guid(e93881d3c7996d744a06d1d9b7cd8ea1) Importer(815301076,1909f56bfc062723c751e8b465ee728b)
Start importing Assets/TileMap/GandalfHardcore city tiles 32x32_78.asset using Guid(e93881d3c7996d744a06d1d9b7cd8ea1) Importer(815301076,1909f56bfc062723c751e8b465ee728b) [PhysX] Initialized MultithreadedTaskDispatcher with 32 workers.
 -> (artifact id: 'd08d63f9997ce0867361c9d8598247fc') in 0.032917 seconds
Number of updated asset objects reloaded before import = 0
Number of asset objects unloaded after import = 3
========================================================================
Received Import Request.
  Time since last request: 0.000018 seconds.
  path: Assets/TileMap/GandalfHardcore city tiles 32x32_53.asset
  artifactKey: Guid(30ca176678db82a49bff67fdb1a3a473) Importer(815301076,1909f56bfc062723c751e8b465ee728b)
Start importing Assets/TileMap/GandalfHardcore city tiles 32x32_53.asset using Guid(30ca176678db82a49bff67fdb1a3a473) Importer(815301076,1909f56bfc062723c751e8b465ee728b) [PhysX] Initialized MultithreadedTaskDispatcher with 32 workers.
 -> (artifact id: '2b1d613d13c8b32946457e2a7c2e6f6d') in 0.032107 seconds
Number of updated asset objects reloaded before import = 0
Number of asset objects unloaded after import = 3
========================================================================
Received Import Request.
  Time since last request: 0.000043 seconds.
  path: Assets/TileMap/GandalfHardcore city tiles 32x32_34.asset
  artifactKey: Guid(16348500fd9b45b4684752c2fa7a0cff) Importer(815301076,1909f56bfc062723c751e8b465ee728b)
Start importing Assets/TileMap/GandalfHardcore city tiles 32x32_34.asset using Guid(16348500fd9b45b4684752c2fa7a0cff) Importer(815301076,1909f56bfc062723c751e8b465ee728b) [PhysX] Initialized MultithreadedTaskDispatcher with 32 workers.
 -> (artifact id: '40fc7ce15aa699d96ab329ee7fc00322') in 0.027351 seconds
Number of updated asset objects reloaded before import = 0
Number of asset objects unloaded after import = 3
========================================================================
Received Import Request.
  Time since last request: 0.000016 seconds.
  path: Assets/TileMap/GandalfHardcore city tiles 32x32_57.asset
  artifactKey: Guid(2af20b39ef8f8f041af88cb33cf610f9) Importer(815301076,1909f56bfc062723c751e8b465ee728b)
Start importing Assets/TileMap/GandalfHardcore city tiles 32x32_57.asset using Guid(2af20b39ef8f8f041af88cb33cf610f9) Importer(815301076,1909f56bfc062723c751e8b465ee728b) [PhysX] Initialized MultithreadedTaskDispatcher with 32 workers.
 -> (artifact id: 'ee223815ea87e373afec53dfad9badd3') in 0.033514 seconds
Number of updated asset objects reloaded before import = 0
Number of asset objects unloaded after import = 3
========================================================================
Received Import Request.
  Time since last request: 0.000018 seconds.
  path: Assets/TileMap/GandalfHardcore city tiles 32x32_127.asset
  artifactKey: Guid(1ac97677919113d4789319715bd91d7d) Importer(815301076,1909f56bfc062723c751e8b465ee728b)
Start importing Assets/TileMap/GandalfHardcore city tiles 32x32_127.asset using Guid(1ac97677919113d4789319715bd91d7d) Importer(815301076,1909f56bfc062723c751e8b465ee728b) [PhysX] Initialized MultithreadedTaskDispatcher with 32 workers.
 -> (artifact id: 'e1139cb1986d3171f17ed862654d749a') in 0.031594 seconds
Number of updated asset objects reloaded before import = 0
Number of asset objects unloaded after import = 3
========================================================================
Received Import Request.
  Time since last request: 0.000018 seconds.
  path: Assets/TileMap/GandalfHardcore city tiles 32x32_144.asset
  artifactKey: Guid(fc2db8d2ca3d72547b692de469bdd185) Importer(815301076,1909f56bfc062723c751e8b465ee728b)
Start importing Assets/TileMap/GandalfHardcore city tiles 32x32_144.asset using Guid(fc2db8d2ca3d72547b692de469bdd185) Importer(815301076,1909f56bfc062723c751e8b465ee728b) [PhysX] Initialized MultithreadedTaskDispatcher with 32 workers.
 -> (artifact id: '387334ad554a55e86462a570fa332366') in 0.030586 seconds
Number of updated asset objects reloaded before import = 0
Number of asset objects unloaded after import = 3
========================================================================
Received Import Request.
  Time since last request: 0.000018 seconds.
  path: Assets/TileMap/GandalfHardcore city tiles 32x32_146.asset
  artifactKey: Guid(732fff02b0698b5449b8e46d5b4e9238) Importer(815301076,1909f56bfc062723c751e8b465ee728b)
Start importing Assets/TileMap/GandalfHardcore city tiles 32x32_146.asset using Guid(732fff02b0698b5449b8e46d5b4e9238) Importer(815301076,1909f56bfc062723c751e8b465ee728b) [PhysX] Initialized MultithreadedTaskDispatcher with 32 workers.
 -> (artifact id: '1554d10ef2b2f1e20d28e63747aea102') in 0.018541 seconds
Number of updated asset objects reloaded before import = 0
Number of asset objects unloaded after import = 3
========================================================================
Received Import Request.
  Time since last request: 0.000016 seconds.
  path: Assets/TileMap/GandalfHardcore city tiles 32x32_38.asset
  artifactKey: Guid(f5370807661a7c6468754d4674593b54) Importer(815301076,1909f56bfc062723c751e8b465ee728b)
Start importing Assets/TileMap/GandalfHardcore city tiles 32x32_38.asset using Guid(f5370807661a7c6468754d4674593b54) Importer(815301076,1909f56bfc062723c751e8b465ee728b) [PhysX] Initialized MultithreadedTaskDispatcher with 32 workers.
 -> (artifact id: '9099c1f5c8e0669662c2d28429cd4980') in 0.017396 seconds
Number of updated asset objects reloaded before import = 0
Number of asset objects unloaded after import = 3
========================================================================
Received Import Request.
  Time since last request: 0.000031 seconds.
  path: Assets/TileMap/GandalfHardcore city tiles 32x32_86.asset
  artifactKey: Guid(5578b84196a22264f8a3d4e4017dd2fa) Importer(815301076,1909f56bfc062723c751e8b465ee728b)
Start importing Assets/TileMap/GandalfHardcore city tiles 32x32_86.asset using Guid(5578b84196a22264f8a3d4e4017dd2fa) Importer(815301076,1909f56bfc062723c751e8b465ee728b) [PhysX] Initialized MultithreadedTaskDispatcher with 32 workers.
 -> (artifact id: 'f48c0d484effc4f2342f44fc4f06551f') in 0.031772 seconds
Number of updated asset objects reloaded before import = 0
Number of asset objects unloaded after import = 3
========================================================================
Received Import Request.
  Time since last request: 0.000015 seconds.
  path: Assets/TileMap/GandalfHardcore city tiles 32x32_66.asset
  artifactKey: Guid(e23ac66510198d4438d244ba51d83cbe) Importer(815301076,1909f56bfc062723c751e8b465ee728b)
Start importing Assets/TileMap/GandalfHardcore city tiles 32x32_66.asset using Guid(e23ac66510198d4438d244ba51d83cbe) Importer(815301076,1909f56bfc062723c751e8b465ee728b) [PhysX] Initialized MultithreadedTaskDispatcher with 32 workers.
 -> (artifact id: '806f96e6c5419f5083b3c4ab5c7d5e8c') in 0.029071 seconds
Number of updated asset objects reloaded before import = 0
Number of asset objects unloaded after import = 3
========================================================================
Received Import Request.
  Time since last request: 0.000014 seconds.
  path: Assets/TileMap/GandalfHardcore city tiles 32x32_87.asset
  artifactKey: Guid(5aa26ce73afd31649a3b37a30e269c73) Importer(815301076,1909f56bfc062723c751e8b465ee728b)
Start importing Assets/TileMap/GandalfHardcore city tiles 32x32_87.asset using Guid(5aa26ce73afd31649a3b37a30e269c73) Importer(815301076,1909f56bfc062723c751e8b465ee728b) [PhysX] Initialized MultithreadedTaskDispatcher with 32 workers.
 -> (artifact id: '95990b1d2e7dc5c9a4b0be6800b0478f') in 0.029560 seconds
Number of updated asset objects reloaded before import = 0
Number of asset objects unloaded after import = 3
========================================================================
Received Import Request.
  Time since last request: 0.000016 seconds.
  path: Assets/TileMap/GandalfHardcore city tiles 32x32_63.asset
  artifactKey: Guid(bdaf9a096ba3a924d8915ddf745917de) Importer(815301076,1909f56bfc062723c751e8b465ee728b)
Start importing Assets/TileMap/GandalfHardcore city tiles 32x32_63.asset using Guid(bdaf9a096ba3a924d8915ddf745917de) Importer(815301076,1909f56bfc062723c751e8b465ee728b) [PhysX] Initialized MultithreadedTaskDispatcher with 32 workers.
 -> (artifact id: '4ee0383597fc6d90919617e81bc58d25') in 0.030984 seconds
Number of updated asset objects reloaded before import = 0
Number of asset objects unloaded after import = 3
========================================================================
Received Import Request.
  Time since last request: 0.022246 seconds.
  path: Assets/TileMap/GandalfHardcore city tiles 32x32_147.asset
  artifactKey: Guid(7cc40381ba3d533438ef93d04d812f8b) Importer(815301076,1909f56bfc062723c751e8b465ee728b)
Start importing Assets/TileMap/GandalfHardcore city tiles 32x32_147.asset using Guid(7cc40381ba3d533438ef93d04d812f8b) Importer(815301076,1909f56bfc062723c751e8b465ee728b) [PhysX] Initialized MultithreadedTaskDispatcher with 32 workers.
 -> (artifact id: '020369dc25907048e86959606d5ad811') in 0.006449 seconds
Number of updated asset objects reloaded before import = 0
Number of asset objects unloaded after import = 3
========================================================================
Received Import Request.
  Time since last request: 0.184995 seconds.
  path: Assets/TileMap/GandalfHardcore city tiles 32x32_149.asset
  artifactKey: Guid(7fe0de3c8ca7ae24c9f5d2b7d5ead253) Importer(815301076,1909f56bfc062723c751e8b465ee728b)
Start importing Assets/TileMap/GandalfHardcore city tiles 32x32_149.asset using Guid(7fe0de3c8ca7ae24c9f5d2b7d5ead253) Importer(815301076,1909f56bfc062723c751e8b465ee728b) [PhysX] Initialized MultithreadedTaskDispatcher with 32 workers.
 -> (artifact id: '1e18731bb359b088631c32c04c0912d7') in 0.011155 seconds
Number of updated asset objects reloaded before import = 0
Number of asset objects unloaded after import = 3
========================================================================
Received Import Request.
  Time since last request: 0.041070 seconds.
  path: Assets/TileMap/GandalfHardcore city tiles 32x32_151.asset
  artifactKey: Guid(9e50b2ba6d885cd4b99e9d9b9513beca) Importer(815301076,1909f56bfc062723c751e8b465ee728b)
Start importing Assets/TileMap/GandalfHardcore city tiles 32x32_151.asset using Guid(9e50b2ba6d885cd4b99e9d9b9513beca) Importer(815301076,1909f56bfc062723c751e8b465ee728b) [PhysX] Initialized MultithreadedTaskDispatcher with 32 workers.
 -> (artifact id: 'b77e2a5efbc15ecd24d1fee00040cffe') in 0.018618 seconds
Number of updated asset objects reloaded before import = 0
Number of asset objects unloaded after import = 3
========================================================================
Received Import Request.
  Time since last request: 1.170891 seconds.
  path: Assets/TileMap/GandalfHardcore city tiles 32x32_154.asset
  artifactKey: Guid(e758725b1c5b8f24aa1e8b9811c47765) Importer(815301076,1909f56bfc062723c751e8b465ee728b)
Start importing Assets/TileMap/GandalfHardcore city tiles 32x32_154.asset using Guid(e758725b1c5b8f24aa1e8b9811c47765) Importer(815301076,1909f56bfc062723c751e8b465ee728b) [PhysX] Initialized MultithreadedTaskDispatcher with 32 workers.
 -> (artifact id: 'c22acc633dfa7c50da40a205a7e949fe') in 0.020983 seconds
Number of updated asset objects reloaded before import = 0
Number of asset objects unloaded after import = 3
========================================================================
Received Import Request.
  Time since last request: 0.000013 seconds.
  path: Assets/TileMap/Platform Palette.prefab
  artifactKey: Guid(883834ceb783389448398b1aa61aeccc) Importer(815301076,1909f56bfc062723c751e8b465ee728b)
Start importing Assets/TileMap/Platform Palette.prefab using Guid(883834ceb783389448398b1aa61aeccc) Importer(815301076,1909f56bfc062723c751e8b465ee728b) [PhysX] Initialized MultithreadedTaskDispatcher with 32 workers.
[PhysX] Initialized MultithreadedTaskDispatcher with 32 workers.
 -> (artifact id: '4b580ed0ce27a9398b7316ebd5137817') in 0.830523 seconds
Number of updated asset objects reloaded before import = 0
Number of asset objects unloaded after import = 488
========================================================================
Received Import Request.
  Time since last request: 0.000019 seconds.
  path: Assets/TileMap/Platforms_7.asset
  artifactKey: Guid(1d51a9a66e50d014eaacada75081fc9d) Importer(815301076,1909f56bfc062723c751e8b465ee728b)
Start importing Assets/TileMap/Platforms_7.asset using Guid(1d51a9a66e50d014eaacada75081fc9d) Importer(815301076,1909f56bfc062723c751e8b465ee728b) [PhysX] Initialized MultithreadedTaskDispatcher with 32 workers.
 -> (artifact id: '138413db0f6ef11cd40c76323bb51013') in 0.016520 seconds
Number of updated asset objects reloaded before import = 0
Number of asset objects unloaded after import = 3
========================================================================
Received Import Request.
  Time since last request: 0.000023 seconds.
  path: Assets/TileMap/Tileset_23.asset
  artifactKey: Guid(a0dbcda8d7017eb42b2098b8f3802405) Importer(815301076,1909f56bfc062723c751e8b465ee728b)
Start importing Assets/TileMap/Tileset_23.asset using Guid(a0dbcda8d7017eb42b2098b8f3802405) Importer(815301076,1909f56bfc062723c751e8b465ee728b) [PhysX] Initialized MultithreadedTaskDispatcher with 32 workers.
 -> (artifact id: 'a1d6507909aa160a1c4ea7e7e79d89c8') in 0.014532 seconds
Number of updated asset objects reloaded before import = 0
Number of asset objects unloaded after import = 3
========================================================================
Received Import Request.
  Time since last request: 0.000014 seconds.
  path: Assets/TileMap/Tileset_54.asset
  artifactKey: Guid(86ad13aa9da7c304881aad67ade82b4f) Importer(815301076,1909f56bfc062723c751e8b465ee728b)
Start importing Assets/TileMap/Tileset_54.asset using Guid(86ad13aa9da7c304881aad67ade82b4f) Importer(815301076,1909f56bfc062723c751e8b465ee728b) [PhysX] Initialized MultithreadedTaskDispatcher with 32 workers.
 -> (artifact id: 'a1e30a7c18c647896441d0b9170f496f') in 0.014271 seconds
Number of updated asset objects reloaded before import = 0
Number of asset objects unloaded after import = 3
========================================================================
Received Import Request.
  Time since last request: 0.000015 seconds.
  path: Assets/TileMap/Tileset_31.asset
  artifactKey: Guid(a9f9c2de1519db04c9241b2f4f2d9c34) Importer(815301076,1909f56bfc062723c751e8b465ee728b)
Start importing Assets/TileMap/Tileset_31.asset using Guid(a9f9c2de1519db04c9241b2f4f2d9c34) Importer(815301076,1909f56bfc062723c751e8b465ee728b) [PhysX] Initialized MultithreadedTaskDispatcher with 32 workers.
 -> (artifact id: '4a31b0cc224aea189f3cae9c280c95a2') in 0.017487 seconds
Number of updated asset objects reloaded before import = 0
Number of asset objects unloaded after import = 3
========================================================================
Received Import Request.
  Time since last request: 0.000017 seconds.
  path: Assets/TileMap/Tileset_32.asset
  artifactKey: Guid(db8cb68d6dc4a4f4da5a003ce213e7fc) Importer(815301076,1909f56bfc062723c751e8b465ee728b)
Start importing Assets/TileMap/Tileset_32.asset using Guid(db8cb68d6dc4a4f4da5a003ce213e7fc) Importer(815301076,1909f56bfc062723c751e8b465ee728b) [PhysX] Initialized MultithreadedTaskDispatcher with 32 workers.
 -> (artifact id: 'e2d154cb75224b021e5df7516f7d76de') in 0.018363 seconds
Number of updated asset objects reloaded before import = 0
Number of asset objects unloaded after import = 3
========================================================================
Received Import Request.
  Time since last request: 0.000014 seconds.
  path: Assets/TileMap/Tileset_14.asset
  artifactKey: Guid(5ae65816866682443955598c1bdaff05) Importer(815301076,1909f56bfc062723c751e8b465ee728b)
Start importing Assets/TileMap/Tileset_14.asset using Guid(5ae65816866682443955598c1bdaff05) Importer(815301076,1909f56bfc062723c751e8b465ee728b) [PhysX] Initialized MultithreadedTaskDispatcher with 32 workers.
 -> (artifact id: '67eeeca4a57fe8b34471813caeb6009e') in 0.018005 seconds
Number of updated asset objects reloaded before import = 0
Number of asset objects unloaded after import = 3
========================================================================
Received Prepare
Caller must complete domain reload
Begin MonoManager ReloadAssembly
- Loaded All Assemblies, in  0.324 seconds
Native extension for WindowsStandalone target not found
Native extension for Android target not found
Mono: successfully reloaded assembly
- Finished resetting the current domain, in  0.882 seconds
Domain Reload Profiling: 1205ms
	BeginReloadAssembly (102ms)
		ExecutionOrderSort (0ms)
		DisableScriptedObjects (7ms)
		BackupInstance (0ms)
		ReleaseScriptingObjects (0ms)
		CreateAndSetChildDomain (22ms)
	RebuildCommonClasses (20ms)
	RebuildNativeTypeToScriptingClass (6ms)
	initialDomainReloadingComplete (17ms)
	LoadAllAssembliesAndSetupDomain (177ms)
		LoadAssemblies (217ms)
		RebuildTransferFunctionScriptingTraits (0ms)
		AnalyzeDomain (11ms)
			TypeCache.Refresh (5ms)
				TypeCache.ScanAssembly (0ms)
			ScanForSourceGeneratedMonoScriptInfo (0ms)
			ResolveRequiredComponents (5ms)
	FinalizeReload (883ms)
		ReleaseScriptCaches (0ms)
		RebuildScriptCaches (0ms)
		SetupLoadedEditorAssemblies (518ms)
			LogAssemblyErrors (0ms)
			InitializePlatformSupportModulesInManaged (21ms)
			SetLoadedEditorAssemblies (6ms)
			RefreshPlugins (0ms)
			BeforeProcessingInitializeOnLoad (103ms)
			ProcessInitializeOnLoadAttributes (353ms)
			ProcessInitializeOnLoadMethodAttributes (31ms)
			AfterProcessingInitializeOnLoad (4ms)
			EditorAssembliesLoaded (0ms)
		ExecutionOrderSort2 (0ms)
		AwakeInstancesAfterBackupRestoration (14ms)
Refreshing native plugins compatible for Editor in 4.69 ms, found 4 plugins.
Preloading 0 native plugins for Editor in 0.00 ms.
Unloading 4275 Unused Serialized files (Serialized files now loaded: 0)
Unloading 20 unused Assets / (102.3 KB). Loaded Objects now: 4987.
Memory consumption went from 159.9 MB to 159.8 MB.
Total: 4.882100 ms (FindLiveObjects: 0.374400 ms CreateObjectMapping: 0.102000 ms MarkObjects: 4.319900 ms  DeleteObjects: 0.084600 ms)

Prepare: number of updated asset objects reloaded= 0
AssetImportParameters requested are different than current active one (requested -> active):
  custom:container-demuxer-ogg: 62fdf1f143b41e24485cea50d1cbac27 -> 
  custom:video-codec-MediaFoundation-h265: 746d11721c4dcdbdad8f713fa42b33f4 -> 
  custom:video-decoder-ogg-theora: a1e56fd34408186e4bbccfd4996cb3dc -> 
  custom:framework-win-MediaFoundation: 216162199b28c13a410421893ffa2e32 -> 
  custom:CustomObjectIndexerAttribute: 9a22284fe3817be447336de3de66b15e -> 
  custom:container-demuxer-webm: 4f35f7cbe854078d1ac9338744f61a02 -> 
  custom:container-muxer-webm: aa71ff27fc2769a1b78a27578f13a17b -> 
  custom:video-decoder-webm-vp8: 9c59270c3fd7afecdb556c50c9e8de78 -> 
  custom:scripting/monoscript/fileName/1-4SwitchToTrigger.cs: 1f24582f16be7ebfece0360fe7e27acc -> 
  custom:SearchIndexIgnoredProperties: e643bd26f0fe6173181afceb89e7c659 -> 
  custom:AudioImporter_EditorPlatform: d09bf68614088b80899f8185d706f6e7 -> 
  custom:video-encoder-webm-vp8: eb34c28f22e8b96e1ab97ce403110664 -> 
  custom:audio-decoder-ogg-vorbis: bf7c407c2cedff20999df2af8eb42d56 -> 
  custom:audio-encoder-webm-vorbis: bf7c407c2cedff20999df2af8eb42d56 -> 
  custom:scripting/precompiled-assembly-types:Assembly-CSharp: 99b092b74c183eb4e51a85febaddfac1 -> 39fefecd4ae62b4ce1f4a11b102c877d
Editor requested this worker to shutdown with reason: Scaling down because of idle timeout
TcpMessagingSession - receive error: operation aborted. errorcode: 995, details:        I/O  .
AssetImportWorker is now disconnected from the server
Process exiting
Exiting without the bug reporter. Application will terminate with return code 0